\BOOKMARK [1][-]{section.1}{\376\377\000I\000n\000t\000r\000o\000d\000u\000c\000t\000i\000o\000n}{}% 1
\BOOKMARK [1][-]{section.2}{\376\377\000M\000a\000t\000h\000e\000m\000a\000t\000i\000c\000s\000\040\000a\000n\000d\000\040\000d\000o\000c\000u\000m\000e\000n\000t\000s\000\040\000c\000o\000n\000t\000a\000i\000n\000i\000n\000g\000\040\000m\000a\000t\000h\000e\000m\000a\000t\000i\000c\000s}{}% 2
\BOOKMARK [2][-]{subsection.2.1}{\376\377\000C\000a\000l\000c\000u\000l\000u\000s}{section.2}% 3
\BOOKMARK [2][-]{subsection.2.2}{\376\377\000L\000i\000n\000e\000a\000r\000\040\000a\000l\000g\000e\000b\000r\000a}{section.2}% 4
\BOOKMARK [2][-]{subsection.2.3}{\376\377\000P\000r\000e\000p\000a\000r\000i\000n\000g\000\040\000m\000a\000t\000h\000e\000m\000a\000t\000i\000c\000a\000l\000\040\000d\000o\000c\000u\000m\000e\000n\000t\000s}{section.2}% 5
\BOOKMARK [1][-]{section.3}{\376\377\000S\000t\000a\000t\000i\000s\000t\000i\000c\000s\000\040\000e\000x\000a\000m\000p\000l\000e\000s}{}% 6
\BOOKMARK [2][-]{subsection.3.1}{\376\377\000L\000i\000n\000e\000a\000r\000\040\000m\000o\000d\000e\000l\000s\000\040\040\023\000\040\000o\000n\000e\000\040\000w\000a\000y\000\040\000a\000n\000a\000l\000y\000s\000i\000s\000\040\000o\000f\000\040\000v\000a\000r\000i\000a\000n\000c\000e}{section.3}% 7
\BOOKMARK [2][-]{subsection.3.2}{\376\377\000L\000o\000g\000i\000s\000t\000i\000c\000\040\000r\000e\000g\000r\000e\000s\000s\000i\000o\000n}{section.3}% 8
\BOOKMARK [3][-]{subsubsection.3.2.1}{\376\377\000E\000a\000c\000h\000\040\000c\000o\000m\000p\000o\000n\000e\000n\000t\000\040\000o\000f\000\040\000t\000h\000e\000\040\000l\000i\000k\000e\000l\000i\000h\000o\000o\000d}{subsection.3.2}% 9
\BOOKMARK [3][-]{subsubsection.3.2.2}{\376\377\000T\000h\000e\000\040\000t\000o\000t\000a\000l\000\040\000l\000i\000k\000e\000l\000i\000h\000o\000o\000d\000\040\000n\000u\000m\000e\000r\000i\000c\000a\000l\000l\000y}{subsection.3.2}% 10
\BOOKMARK [3][-]{subsubsection.3.2.3}{\376\377\000T\000h\000e\000\040\000t\000o\000t\000a\000l\000\040\000l\000i\000k\000e\000l\000i\000h\000o\000o\000d\000\040\000s\000y\000m\000b\000o\000l\000i\000c\000a\000l\000l\000y}{subsection.3.2}% 11
\BOOKMARK [2][-]{subsection.3.3}{\376\377\000A\000u\000t\000o\000\040\000r\000e\000g\000r\000e\000s\000s\000i\000v\000e\000\040\000m\000o\000d\000e\000l\000s}{section.3}% 12
\BOOKMARK [3][-]{subsubsection.3.3.1}{\376\377\000A\000n\000\040\000A\000R\000\050\0001\000\051\000\040\000m\000o\000d\000e\000l}{subsection.3.3}% 13
\BOOKMARK [3][-]{subsubsection.3.3.2}{\376\377\000B\000r\000i\000d\000g\000i\000n\000g\000\040\000t\000h\000e\000\040\000g\000a\000p\000\040\000-\000\040\000t\000o\000w\000a\000r\000d\000s\000\040\000n\000u\000m\000e\000r\000i\000c\000a\000l\000\040\000e\000v\000a\000l\000u\000a\000t\000i\000o\000n}{subsection.3.3}% 14
\BOOKMARK [2][-]{subsection.3.4}{\376\377\000M\000a\000x\000i\000m\000u\000m\000\040\000l\000i\000k\000e\000l\000i\000h\000o\000o\000d\000\040\000u\000n\000d\000e\000r\000\040\000c\000o\000n\000s\000t\000r\000a\000i\000n\000t\000s\000\040\000-\000\040\000i\000n\000d\000e\000p\000e\000n\000d\000e\000n\000c\000e\000\040\000m\000o\000d\000e\000l\000\040\000f\000o\000r\000\040\000t\000w\000o\000-\000w\000a\000y\000\040\000c\000o\000n\000t\000i\000n\000g\000e\000n\000c\000y\000\040\000t\000a\000b\000l\000e}{section.3}% 15
\BOOKMARK [2][-]{subsection.3.5}{\376\377\000A\000\040\000c\000o\000m\000p\000o\000u\000n\000d\000\040\000s\000y\000m\000m\000e\000t\000r\000y\000\040\000c\000o\000v\000a\000r\000i\000a\000n\000c\000e\000\040\000s\000t\000r\000u\000c\000t\000u\000r\000e}{section.3}% 16
\BOOKMARK [1][-]{section.4}{\376\377\000P\000o\000s\000s\000i\000b\000l\000e\000\040\000t\000o\000p\000i\000c\000s\000\040\000a\000n\000d\000\040\000s\000m\000a\000l\000l\000e\000r\000\040\000p\000r\000o\000j\000e\000c\000t\000s\000\040\000f\000o\000r\000\040\000s\000t\000u\000d\000e\000n\000t\000s}{}% 17
\BOOKMARK [1][-]{section.5}{\376\377\000D\000i\000s\000c\000u\000s\000s\000i\000o\000n\000\040\000a\000n\000d\000\040\000f\000u\000t\000u\000r\000e\000\040\000w\000o\000r\000k}{}% 18
\BOOKMARK [1][-]{section.6}{\376\377\000A\000c\000k\000n\000o\000w\000l\000e\000d\000g\000e\000m\000e\000n\000t\000s}{}% 19
\BOOKMARK [1][-]{appendix.A}{\376\377\000A\000\040\000s\000h\000o\000r\000t\000\040\000p\000r\000i\000m\000e\000r}{}% 20
