\BOOKMARK [1][-]{section.1}{Introduction}{}% 1
\BOOKMARK [1][-]{section.2}{A small session \205 polynomials}{}% 2
\BOOKMARK [2][-]{subsection.2.1}{Calling with yacas commands as text strings}{section.2}% 3
\BOOKMARK [2][-]{subsection.2.2}{The output from yacas}{section.2}% 4
\BOOKMARK [2][-]{subsection.2.3}{Calling yacas with R expressions}{section.2}% 5
\BOOKMARK [2][-]{subsection.2.4}{Using Sym objects}{section.2}% 6
\BOOKMARK [2][-]{subsection.2.5}{Recall the most recent line \205 the \045 operator}{section.2}% 7
\BOOKMARK [2][-]{subsection.2.6}{Setting and clearing a variable}{section.2}% 8
\BOOKMARK [1][-]{section.3}{Yacas calculations}{}% 9
\BOOKMARK [2][-]{subsection.3.1}{Symbolic and numerical calculations, precision}{section.3}% 10
\BOOKMARK [2][-]{subsection.3.2}{Differentiation}{section.3}% 11
\BOOKMARK [2][-]{subsection.3.3}{Integration}{section.3}% 12
\BOOKMARK [2][-]{subsection.3.4}{Expanding polynomials}{section.3}% 13
\BOOKMARK [2][-]{subsection.3.5}{Taylor expansion}{section.3}% 14
\BOOKMARK [2][-]{subsection.3.6}{Inverse Taylor}{section.3}% 15
\BOOKMARK [2][-]{subsection.3.7}{Factorial}{section.3}% 16
\BOOKMARK [2][-]{subsection.3.8}{Limits}{section.3}% 17
\BOOKMARK [2][-]{subsection.3.9}{Simplifying an expression}{section.3}% 18
\BOOKMARK [2][-]{subsection.3.10}{Complex numbers and the imaginary unit}{section.3}% 19
\BOOKMARK [2][-]{subsection.3.11}{Solving equations}{section.3}% 20
\BOOKMARK [3][-]{subsubsection.3.11.1}{Solving equations symbolically}{subsection.3.11}% 21
\BOOKMARK [3][-]{subsubsection.3.11.2}{Solving equations numerically}{subsection.3.11}% 22
\BOOKMARK [2][-]{subsection.3.12}{Solving ordinary differential equations}{section.3}% 23
\BOOKMARK [1][-]{section.4}{Matrices}{}% 24
\BOOKMARK [2][-]{subsection.4.1}{Inverse}{section.4}% 25
\BOOKMARK [2][-]{subsection.4.2}{Determinant}{section.4}% 26
\BOOKMARK [1][-]{section.5}{Printing with PrettyForm, PrettyPrint, TexForm and TeXForm}{}% 27
\BOOKMARK [2][-]{subsubsection.5.0.1}{Standard form}{section.5}% 28
\BOOKMARK [3][-]{subsubsection.5.0.2}{Pretty form}{subsubsection.5.0.1}% 29
\BOOKMARK [3][-]{subsubsection.5.0.3}{TeX form}{subsubsection.5.0.1}% 30
