sample.interval=20000
"gc" "system.time" 
"gc" "system.time" 
"gc" "system.time" 
"gc" "system.time" 
"gc" "system.time" 
"gc" "system.time" 
"$.python.builtin.object" "$" "py_flush_output" "reticulate::py_run_string" "declare_symbols_worker" "as_sym" "system.time" 
"evalq" "doTryCatch" "tryCatchOne" "tryCatchList" "doTryCatch" "tryCatchOne" "tryCatchList" "tryCatch" "py_get_attr_impl" "py_get_attr" "py_get_attr_or_item" "$.python.builtin.object" "$.python.builtin.module" "$" "py_flush_output" "reticulate::py_run_string" "declare_symbols_worker" "as_sym" "system.time" 
"py_get_attr_impl" "py_get_attr" "py_get_attr_or_item" "$.python.builtin.object" "$" "py_flush_output" "reticulate::py_run_string" "declare_symbols_worker" "as_sym" "system.time" 
"tryCatch" "py_get_attr_impl" "py_get_attr" "py_get_attr_or_item" "$.python.builtin.object" "$.python.builtin.module" "$" "py_flush_output" "reticulate::py_run_string" "declare_symbols_worker" "as_sym" "system.time" 
"py_get_attr_or_item" "$.python.builtin.object" "$.python.builtin.module" "$" "py_flush_output" "reticulate::py_run_string" "declare_symbols_worker" "as_sym" "system.time" 
"doTryCatch" "tryCatchOne" "tryCatchList" "tryCatch" "py_ref_to_r" "py_to_r.default" "py_to_r" "py_maybe_convert" "py_get_attr_or_item" "$.python.builtin.object" "$" "py_flush_output" "reticulate::py_run_string" "declare_symbols_worker" "as_sym" "system.time" 
"<Anonymous>" "evalq" "evalq" "doTryCatch" "tryCatchOne" "tryCatchList" "doTryCatch" "tryCatchOne" "tryCatchList" "tryCatch" "py_ref_to_r" "py_to_r.default" "py_to_r" "py_maybe_convert" "py_get_attr_or_item" "$.python.builtin.object" "$" "py_flush_output" "reticulate::py_run_string" "declare_symbols_worker" "as_sym" "system.time" 
"tryCatchList" "tryCatch" "py_ref_to_r" "py_to_r.default" "py_to_r" "py_maybe_convert" "py_get_attr_or_item" "$.python.builtin.object" "$" "py_flush_output" "reticulate::py_run_string" "declare_symbols_worker" "as_sym" "system.time" 
"doTryCatch" "tryCatchOne" "tryCatchList" "doTryCatch" "tryCatchOne" "tryCatchList" "tryCatch" "py_module_import" "import" "py_flush_output" "reticulate::py_run_string" "declare_symbols_worker" "as_sym" "system.time" 
"tryCatchOne" "tryCatchList" "tryCatch" "py_run_string_impl" "reticulate::py_run_string" "declare_symbols_worker" "as_sym" "system.time" 
"tryCatch" "py_ref_to_r" "py_to_r.default" "py_to_r" "py_maybe_convert" "py_get_attr_or_item" "$.python.builtin.object" "$.python.builtin.module" "$" "py_flush_output" "reticulate::py_run_string" "declare_symbols_worker" "as_sym" "system.time" 
"tryCatchList" "doTryCatch" "tryCatchOne" "tryCatchList" "tryCatch" "py_module_import" "import" "py_flush_output" "reticulate::py_run_string" "declare_symbols_worker" "as_sym" "system.time" 
"py_available" "py_get_attr_or_item" "$.python.builtin.object" "$" "py_flush_output" "reticulate::py_run_string" "declare_symbols_worker" "as_sym" "system.time" 
"tryCatch" "py_run_string_impl" "reticulate::py_run_string" "declare_symbols_worker" "as_sym" "system.time" 
"doTryCatch" "tryCatchOne" "tryCatchList" "tryCatch" "py_get_attr_impl" "py_get_attr" "py_get_attr_or_item" "$.python.builtin.object" "$.python.builtin.module" "$" "py_flush_output" "reticulate::py_run_string" "declare_symbols_worker" "as_sym" "system.time" 
"tryCatchOne" "tryCatchList" "tryCatch" "py_ref_to_r" "py_to_r.default" "py_to_r" "py_maybe_convert" "py_get_attr_or_item" "$.python.builtin.object" "$" "py_flush_output" "reticulate::py_run_string" "declare_symbols_worker" "as_sym" "system.time" 
"paste0" "declare_symbols_worker" "as_sym" "system.time" 
"py_has_convert" "py_maybe_convert" "py_get_attr_or_item" "$.python.builtin.object" "$.python.builtin.module" "$" "py_flush_output" "reticulate::py_run_string" "declare_symbols_worker" "as_sym" "system.time" 
"tryCatch" "py_get_attr_impl" "py_get_attr" "py_get_attr_or_item" "$.python.builtin.object" "$.python.builtin.module" "$" "py_flush_output" "reticulate::py_run_string" "declare_symbols_worker" "as_sym" "system.time" 
"tryCatchList" "tryCatch" "py_ref_to_r" "py_to_r.default" "py_to_r" "py_maybe_convert" "py_get_attr_or_item" "$.python.builtin.object" "$.python.builtin.module" "$" "py_flush_output" "reticulate::py_run_string" "declare_symbols_worker" "as_sym" "system.time" 
"py_get_attr_impl" "py_get_attr" "py_get_attr_or_item" "$.python.builtin.object" "$.python.builtin.module" "$" "py_flush_output" "reticulate::py_run_string" "declare_symbols_worker" "as_sym" "system.time" 
"py_ref_to_r" "py_to_r.default" "py_to_r" "py_maybe_convert" "py_get_attr_or_item" "$.python.builtin.object" "$.python.builtin.module" "$" "py_flush_output" "reticulate::py_run_string" "declare_symbols_worker" "as_sym" "system.time" 
"py_get_attr_impl" "py_get_attr" "py_get_attr_or_item" "$.python.builtin.object" "$.python.builtin.module" "$" "py_flush_output" "reticulate::py_run_string" "declare_symbols_worker" "as_sym" "system.time" 
"exists" "py_has_convert" "py_maybe_convert" "py_get_attr_or_item" "$.python.builtin.object" "$.python.builtin.module" "$" "py_flush_output" "reticulate::py_run_string" "declare_symbols_worker" "as_sym" "system.time" 
"tryCatch" "py_ref_to_r" "py_to_r.default" "py_to_r" "py_maybe_convert" "py_get_attr_or_item" "$.python.builtin.object" "$" "py_flush_output" "reticulate::py_run_string" "declare_symbols_worker" "as_sym" "system.time" 
"declare_symbols_worker" "as_sym" "system.time" 
"parent.frame" "tryCatch" "py_ref_to_r" "py_to_r.default" "py_to_r" "py_maybe_convert" "py_get_attr_or_item" "$.python.builtin.object" "$" "py_flush_output" "reticulate::py_run_string" "declare_symbols_worker" "as_sym" "system.time" 
"tryCatch" "py_get_attr_impl" "py_get_attr" "py_get_attr_or_item" "$.python.builtin.object" "$" "py_flush_output" "reticulate::py_run_string" "declare_symbols_worker" "as_sym" "system.time" 
"doTryCatch" "tryCatchOne" "tryCatchList" "tryCatch" "py_ref_to_r" "py_to_r.default" "py_to_r" "py_maybe_convert" "py_get_attr_or_item" "$.python.builtin.object" "$.python.builtin.module" "$" "py_flush_output" "reticulate::py_run_string" "declare_symbols_worker" "as_sym" "system.time" 
"doTryCatch" "tryCatchOne" "tryCatchList" "doTryCatch" "tryCatchOne" "tryCatchList" "tryCatch" "py_get_attr_impl" "py_get_attr" "py_get_attr_or_item" "$.python.builtin.object" "$.python.builtin.module" "$" "py_flush_output" "reticulate::py_run_string" "declare_symbols_worker" "as_sym" "system.time" 
"tryCatchList" "doTryCatch" "tryCatchOne" "tryCatchList" "tryCatch" "py_get_attr_impl" "py_get_attr" "py_get_attr_or_item" "$.python.builtin.object" "$.python.builtin.module" "$" "py_flush_output" "reticulate::py_run_string" "declare_symbols_worker" "as_sym" "system.time" 
"py_to_r_wrapper" "py_to_r.default" "py_to_r" "py_maybe_convert" "py_get_attr_or_item" "$.python.builtin.object" "$" "py_flush_output" "reticulate::py_run_string" "declare_symbols_worker" "as_sym" "system.time" 
"apply" "paste0" "hlp_to_py_mat" "as_py_string" "as_sym" "system.time" 
"py_get_attr_impl" "py_get_attr" "py_get_attr_or_item" "$.python.builtin.object" "$.python.builtin.module" "$" "py_flush_output" "reticulate::py_run_string" "declare_symbols_worker" "as_sym" "system.time" 
"py_get_attr_impl" "py_get_attr" "py_get_attr_or_item" "$.python.builtin.object" "$" "py_flush_output" "reticulate::py_run_string" "declare_symbols_worker" "as_sym" "system.time" 
"tryCatchList" "doTryCatch" "tryCatchOne" "tryCatchList" "tryCatch" "py_run_string_impl" "reticulate::py_run_string" "declare_symbols_worker" "as_sym" "system.time" 
"doTryCatch" "tryCatchOne" "tryCatchList" "doTryCatch" "tryCatchOne" "tryCatchList" "tryCatch" "py_get_attr_impl" "py_get_attr" "py_get_attr_or_item" "$.python.builtin.object" "$.python.builtin.module" "$" "py_flush_output" "reticulate::py_run_string" "declare_symbols_worker" "as_sym" "system.time" 
"tryCatch" "py_ref_to_r" "py_to_r.default" "py_to_r" "py_maybe_convert" "py_get_attr_or_item" "$.python.builtin.object" "$" "py_flush_output" "reticulate::py_run_string" "declare_symbols_worker" "as_sym" "system.time" 
"py_run_string_impl" "reticulate::py_run_string" "declare_symbols_worker" "as_sym" "system.time" 
"evalq" "doTryCatch" "tryCatchOne" "tryCatchList" "doTryCatch" "tryCatchOne" "tryCatchList" "tryCatch" "py_get_attr_impl" "py_get_attr" "py_get_attr_or_item" "$.python.builtin.object" "$.python.builtin.module" "$" "py_flush_output" "reticulate::py_run_string" "declare_symbols_worker" "as_sym" "system.time" 
"doTryCatch" "tryCatchOne" "tryCatchList" "tryCatch" "py_ref_to_r" "py_to_r.default" "py_to_r" "py_maybe_convert" "py_get_attr_or_item" "$.python.builtin.object" "$.python.builtin.module" "$" "py_flush_output" "reticulate::py_run_string" "declare_symbols_worker" "as_sym" "system.time" 
"py_run_string_impl" "reticulate::py_run_string" "declare_symbols_worker" "as_sym" "system.time" 
"is_python_initialized" "py_available" "py_get_attr_or_item" "$.python.builtin.object" "$.python.builtin.module" "$" "py_flush_output" "reticulate::py_run_string" "declare_symbols_worker" "as_sym" "system.time" 
"doTryCatch" "tryCatchOne" "tryCatchList" "tryCatch" "py_ref_to_r" "py_to_r.default" "py_to_r" "py_maybe_convert" "py_get_attr_or_item" "$.python.builtin.object" "$" "py_flush_output" "reticulate::py_run_string" "declare_symbols_worker" "as_sym" "system.time" 
"tryCatch" "py_get_attr_impl" "py_get_attr" "py_get_attr_or_item" "$.python.builtin.object" "$.python.builtin.module" "$" "py_flush_output" "reticulate::py_run_string" "declare_symbols_worker" "as_sym" "system.time" 
"py_get_attr_impl" "py_get_attr" "py_get_attr_or_item" "$.python.builtin.object" "$.python.builtin.module" "$" "py_flush_output" "reticulate::py_run_string" "declare_symbols_worker" "as_sym" "system.time" 
"tryCatchOne" "tryCatchList" "tryCatch" "py_ref_to_r" "py_to_r.default" "py_to_r" "py_maybe_convert" "py_get_attr_or_item" "$.python.builtin.object" "$" "py_flush_output" "reticulate::py_run_string" "declare_symbols_worker" "as_sym" "system.time" 
"tryCatchList" "doTryCatch" "tryCatchOne" "tryCatchList" "tryCatch" "py_get_attr_impl" "py_get_attr" "py_get_attr_or_item" "$.python.builtin.object" "$.python.builtin.module" "$" "py_flush_output" "reticulate::py_run_string" "declare_symbols_worker" "as_sym" "system.time" 
"py_available" "py_get_attr_or_item" "$.python.builtin.object" "$.python.builtin.module" "$" "py_flush_output" "reticulate::py_run_string" "declare_symbols_worker" "as_sym" "system.time" 
"tryCatchOne" "tryCatchList" "tryCatch" "py_ref_to_r" "py_to_r.default" "py_to_r" "py_maybe_convert" "py_get_attr_or_item" "$.python.builtin.object" "$.python.builtin.module" "$" "py_flush_output" "reticulate::py_run_string" "declare_symbols_worker" "as_sym" "system.time" 
"py_to_r_wrapper" "py_to_r.default" "py_to_r" "<Anonymous>" "py_flush_output" "reticulate::py_run_string" "declare_symbols_worker" "as_sym" "system.time" 
"doTryCatch" "tryCatchOne" "tryCatchList" "tryCatch" "py_get_attr_impl" "py_get_attr" "py_get_attr_or_item" "$.python.builtin.object" "$.python.builtin.module" "$" "py_flush_output" "reticulate::py_run_string" "declare_symbols_worker" "as_sym" "system.time" 
"doTryCatch" "tryCatchOne" "tryCatchList" "tryCatch" "py_get_attr_impl" "py_get_attr" "py_get_attr_or_item" "$.python.builtin.object" "$" "py_flush_output" "reticulate::py_run_string" "declare_symbols_worker" "as_sym" "system.time" 
"py_get_attr_impl" "py_get_attr" "py_get_attr_or_item" "$.python.builtin.object" "$.python.builtin.module" "$" "py_flush_output" "reticulate::py_run_string" "declare_symbols_worker" "as_sym" "system.time" 
"py_available" "py_get_attr_or_item" "$.python.builtin.object" "$.python.builtin.module" "$" "py_flush_output" "reticulate::py_run_string" "declare_symbols_worker" "as_sym" "system.time" 
"tryCatch" "py_call_impl" "<Anonymous>" "py_flush_output" "reticulate::py_run_string" "declare_symbols_worker" "as_sym" "system.time" 
"doTryCatch" "tryCatchOne" "tryCatchList" "tryCatch" "py_ref_to_r" "py_to_r.default" "py_to_r" "py_maybe_convert" "py_get_attr_or_item" "$.python.builtin.object" "$.python.builtin.module" "$" "py_flush_output" "reticulate::py_run_string" "declare_symbols_worker" "as_sym" "system.time" 
"doTryCatch" "tryCatchOne" "tryCatchList" "tryCatch" "py_ref_to_r" "py_to_r.default" "py_to_r" "py_maybe_convert" "py_get_attr_or_item" "$.python.builtin.object" "$" "py_flush_output" "reticulate::py_run_string" "declare_symbols_worker" "as_sym" "system.time" 
"py_to_r.default" "py_to_r" "py_maybe_convert" "py_get_attr_or_item" "$.python.builtin.object" "$" "py_flush_output" "reticulate::py_run_string" "declare_symbols_worker" "as_sym" "system.time" 
"evalq" "doTryCatch" "tryCatchOne" "tryCatchList" "doTryCatch" "tryCatchOne" "tryCatchList" "tryCatch" "py_ref_to_r" "py_to_r.default" "py_to_r" "py_maybe_convert" "py_get_attr_or_item" "$.python.builtin.object" "$.python.builtin.module" "$" "py_flush_output" "reticulate::py_run_string" "declare_symbols_worker" "as_sym" "system.time" 
"tryCatchList" "doTryCatch" "tryCatchOne" "tryCatchList" "tryCatch" "py_get_attr_impl" "py_get_attr" "py_get_attr_or_item" "$.python.builtin.object" "$" "py_flush_output" "reticulate::py_run_string" "declare_symbols_worker" "as_sym" "system.time" 
"py_get_attr_impl" "py_get_attr" "py_get_attr_or_item" "$.python.builtin.object" "$.python.builtin.module" "$" "py_flush_output" "reticulate::py_run_string" "declare_symbols_worker" "as_sym" "system.time" 
"list" "doTryCatch" "tryCatchOne" "tryCatchList" "doTryCatch" "tryCatchOne" "tryCatchList" "tryCatch" "py_get_attr_impl" "py_get_attr" "py_get_attr_or_item" "$.python.builtin.object" "$" "py_flush_output" "reticulate::py_run_string" "declare_symbols_worker" "as_sym" "system.time" 
"py_ref_to_r" "py_to_r.default" "py_to_r" "py_maybe_convert" "py_get_attr_or_item" "$.python.builtin.object" "$.python.builtin.module" "$" "py_flush_output" "reticulate::py_run_string" "declare_symbols_worker" "as_sym" "system.time" 
"py_get_attr_impl" "py_get_attr" "py_get_attr_or_item" "$.python.builtin.object" "$" "py_flush_output" "reticulate::py_run_string" "declare_symbols_worker" "as_sym" "system.time" 
"getNamespace" "evalq" "evalq" "doTryCatch" "tryCatchOne" "tryCatchList" "doTryCatch" "tryCatchOne" "tryCatchList" "tryCatch" "py_call_impl" "<Anonymous>" "py_flush_output" "reticulate::py_run_string" "declare_symbols_worker" "as_sym" "system.time" 
"tryCatchList" "tryCatch" "py_ref_to_r" "py_to_r.default" "py_to_r" "py_maybe_convert" "py_get_attr_or_item" "$.python.builtin.object" "$" "py_flush_output" "reticulate::py_run_string" "declare_symbols_worker" "as_sym" "system.time" 
"py_is_null_xptr" "py_get_attr_or_item" "$.python.builtin.object" "$.python.builtin.module" "$" "py_flush_output" "reticulate::py_run_string" "declare_symbols_worker" "as_sym" "system.time" 
"environment" "doTryCatch" "tryCatchOne" "tryCatchList" "doTryCatch" "tryCatchOne" "tryCatchList" "tryCatch" "py_ref_to_r" "py_to_r.default" "py_to_r" "py_maybe_convert" "py_get_attr_or_item" "$.python.builtin.object" "$" "py_flush_output" "reticulate::py_run_string" "declare_symbols_worker" "as_sym" "system.time" 
"doTryCatch" "tryCatchOne" "tryCatchList" "tryCatch" "py_ref_to_r" "py_to_r.default" "py_to_r" "py_maybe_convert" "py_get_attr_or_item" "$.python.builtin.object" "$.python.builtin.module" "$" "py_flush_output" "reticulate::py_run_string" "declare_symbols_worker" "as_sym" "system.time" 
"doTryCatch" "tryCatchOne" "tryCatchList" "doTryCatch" "tryCatchOne" "tryCatchList" "tryCatch" "py_ref_to_r" "py_to_r.default" "py_to_r" "py_maybe_convert" "py_get_attr_or_item" "$.python.builtin.object" "$.python.builtin.module" "$" "py_flush_output" "reticulate::py_run_string" "declare_symbols_worker" "as_sym" "system.time" 
"py_call_impl" "<Anonymous>" "py_flush_output" "reticulate::py_run_string" "declare_symbols_worker" "as_sym" "system.time" 
"py_eval_impl" "reticulate::py_eval" "eval_to_symbol" "as_sym" "system.time" 
"doTryCatch" "tryCatchOne" "tryCatchList" "doTryCatch" "tryCatchOne" "tryCatchList" "tryCatch" "py_get_attr_impl" "py_get_attr" "py_get_attr_or_item" "$.python.builtin.object" "$" "py_flush_output" "reticulate::py_run_string" "declare_symbols_worker" "as_sym" "system.time" 
"py_ref_to_r" "py_to_r.default" "py_to_r" "py_maybe_convert" "py_get_attr_or_item" "$.python.builtin.object" "$" "py_flush_output" "reticulate::py_run_string" "declare_symbols_worker" "as_sym" "system.time" 
"tryCatchList" "tryCatch" "py_ref_to_r" "py_to_r.default" "py_to_r" "py_maybe_convert" "py_get_attr_or_item" "$.python.builtin.object" "$" "py_flush_output" "reticulate::py_run_string" "declare_symbols_worker" "as_sym" "system.time" 
"doTryCatch" "tryCatchOne" "tryCatchList" "tryCatch" "py_ref_to_r" "py_to_r.default" "py_to_r" "py_maybe_convert" "py_get_attr_or_item" "$.python.builtin.object" "$.python.builtin.module" "$" "py_flush_output" "reticulate::py_run_string" "declare_symbols_worker" "as_sym" "system.time" 
"tryCatch" "py_module_import" "import" "py_flush_output" "reticulate::py_run_string" "declare_symbols_worker" "as_sym" "system.time" 
"tryCatchList" "doTryCatch" "tryCatchOne" "tryCatchList" "tryCatch" "py_ref_to_r" "py_to_r.default" "py_to_r" "py_maybe_convert" "py_get_attr_or_item" "$.python.builtin.object" "$.python.builtin.module" "$" "py_flush_output" "reticulate::py_run_string" "declare_symbols_worker" "as_sym" "system.time" 
"py_is_module_proxy" "py_get_attr" "py_get_attr_or_item" "$.python.builtin.object" "$.python.builtin.module" "$" "py_flush_output" "reticulate::py_run_string" "declare_symbols_worker" "as_sym" "system.time" 
"tryCatch" "py_call_impl" "<Anonymous>" "py_flush_output" "reticulate::py_run_string" "declare_symbols_worker" "as_sym" "system.time" 
"doTryCatch" "tryCatchOne" "tryCatchList" "tryCatch" "py_ref_to_r" "py_to_r.default" "py_to_r" "py_maybe_convert" "py_get_attr_or_item" "$.python.builtin.object" "$.python.builtin.module" "$" "py_flush_output" "reticulate::py_run_string" "declare_symbols_worker" "as_sym" "system.time" 
"py_get_attr_or_item" "$.python.builtin.object" "$.python.builtin.module" "$" "py_flush_output" "reticulate::py_run_string" "declare_symbols_worker" "as_sym" "system.time" 
"doTryCatch" "tryCatchOne" "tryCatchList" "tryCatch" "py_ref_to_r" "py_to_r.default" "py_to_r" "py_maybe_convert" "py_get_attr_or_item" "$.python.builtin.object" "$" "py_flush_output" "reticulate::py_run_string" "declare_symbols_worker" "as_sym" "system.time" 
"parent.frame" "tryCatch" "py_get_attr_impl" "py_get_attr" "py_get_attr_or_item" "$.python.builtin.object" "$.python.builtin.module" "$" "py_flush_output" "reticulate::py_run_string" "declare_symbols_worker" "as_sym" "system.time" 
"py_ref_to_r" "py_to_r.default" "py_to_r" "py_maybe_convert" "py_get_attr_or_item" "$.python.builtin.object" "$.python.builtin.module" "$" "py_flush_output" "reticulate::py_run_string" "declare_symbols_worker" "as_sym" "system.time" 
"py_maybe_convert" "py_get_attr_or_item" "$.python.builtin.object" "$.python.builtin.module" "$" "py_flush_output" "reticulate::py_run_string" "declare_symbols_worker" "as_sym" "system.time" 
"tryCatchOne" "tryCatchList" "tryCatch" "py_ref_to_r" "py_to_r.default" "py_to_r" "py_maybe_convert" "py_get_attr_or_item" "$.python.builtin.object" "$.python.builtin.module" "$" "py_flush_output" "reticulate::py_run_string" "declare_symbols_worker" "as_sym" "system.time" 
"py_ref_to_r" "py_to_r.default" "py_to_r" "py_maybe_convert" "py_get_attr_or_item" "$.python.builtin.object" "$.python.builtin.module" "$" "py_flush_output" "reticulate::py_run_string" "declare_symbols_worker" "as_sym" "system.time" 
"new.env" "evalq" "evalq" "doTryCatch" "tryCatchOne" "tryCatchList" "doTryCatch" "tryCatchOne" "tryCatchList" "tryCatch" "py_get_attr_impl" "py_get_attr" "py_get_attr_or_item" "$.python.builtin.object" "$.python.builtin.module" "$" "py_flush_output" "reticulate::py_run_string" "declare_symbols_worker" "as_sym" "system.time" 
"py_is_null_xptr" "py_get_attr_or_item" "$.python.builtin.object" "$.python.builtin.module" "$" "py_flush_output" "reticulate::py_run_string" "declare_symbols_worker" "as_sym" "system.time" 
"tryCatchOne" "tryCatchList" "tryCatch" "py_ref_to_r" "py_to_r.default" "py_to_r" "py_maybe_convert" "py_get_attr_or_item" "$.python.builtin.object" "$" "py_flush_output" "reticulate::py_run_string" "declare_symbols_worker" "as_sym" "system.time" 
"py_maybe_convert" "py_get_attr_or_item" "$.python.builtin.object" "$.python.builtin.module" "$" "py_flush_output" "reticulate::py_run_string" "declare_symbols_worker" "as_sym" "system.time" 
"py_maybe_convert" "py_get_attr_or_item" "$.python.builtin.object" "$.python.builtin.module" "$" "py_flush_output" "reticulate::py_run_string" "declare_symbols_worker" "as_sym" "system.time" 
"py_maybe_convert" "py_get_attr_or_item" "$.python.builtin.object" "$.python.builtin.module" "$" "py_flush_output" "reticulate::py_run_string" "declare_symbols_worker" "as_sym" "system.time" 
"py_maybe_convert" "py_get_attr_or_item" "$.python.builtin.object" "$.python.builtin.module" "$" "py_flush_output" "reticulate::py_run_string" "declare_symbols_worker" "as_sym" "system.time" 
"py_maybe_convert" "py_get_attr_or_item" "$.python.builtin.object" "$.python.builtin.module" "$" "py_flush_output" "reticulate::py_run_string" "declare_symbols_worker" "as_sym" "system.time" 
"py_maybe_convert" "py_get_attr_or_item" "$.python.builtin.object" "$.python.builtin.module" "$" "py_flush_output" "reticulate::py_run_string" "declare_symbols_worker" "as_sym" "system.time" 
"doTryCatch" "tryCatchOne" "tryCatchList" "tryCatch" "py_get_attr_impl" "py_get_attr" "py_get_attr_or_item" "$.python.builtin.object" "$.python.builtin.module" "$" "py_flush_output" "reticulate::py_run_string" "declare_symbols_worker" "as_sym" "system.time" 
"list" "doTryCatch" "tryCatchOne" "tryCatchList" "doTryCatch" "tryCatchOne" "tryCatchList" "tryCatch" "py_get_attr_impl" "py_get_attr" "py_get_attr_or_item" "$.python.builtin.object" "$" "py_flush_output" "reticulate::py_run_string" "declare_symbols_worker" "as_sym" "system.time" 
"py_call_impl" "<Anonymous>" "py_flush_output" "reticulate::py_run_string" "declare_symbols_worker" "as_sym" "system.time" 
"doTryCatch" "tryCatchOne" "tryCatchList" "tryCatch" "py_eval_impl" "reticulate::py_eval" "eval_to_symbol" "as_sym" "system.time" 
"py_ref_to_r" "py_to_r.default" "py_to_r" "py_maybe_convert" "py_get_attr_or_item" "$.python.builtin.object" "$" "py_flush_output" "reticulate::py_run_string" "declare_symbols_worker" "as_sym" "system.time" 
"py_eval_impl" "reticulate::py_eval" "eval_to_symbol" "as_sym" "system.time" 
"py_to_r" "py_maybe_convert" "py_get_attr_or_item" "$.python.builtin.object" "$.python.builtin.module" "$" "py_flush_output" "reticulate::py_run_string" "declare_symbols_worker" "as_sym" "system.time" 
"evalq" "evalq" "doTryCatch" "tryCatchOne" "tryCatchList" "doTryCatch" "tryCatchOne" "tryCatchList" "tryCatch" "py_call_impl" "<Anonymous>" "py_flush_output" "reticulate::py_run_string" "declare_symbols_worker" "as_sym" "system.time" 
"tryCatchList" "tryCatch" "py_run_string_impl" "reticulate::py_run_string" "declare_symbols_worker" "as_sym" "system.time" 
"py_ref_to_r" "py_to_r.default" "py_to_r" "py_maybe_convert" "py_get_attr_or_item" "$.python.builtin.object" "$.python.builtin.module" "$" "py_flush_output" "reticulate::py_run_string" "declare_symbols_worker" "as_sym" "system.time" 
"tryCatchOne" "tryCatchList" "doTryCatch" "tryCatchOne" "tryCatchList" "tryCatch" "py_ref_to_r" "py_to_r.default" "py_to_r" "py_maybe_convert" "py_get_attr_or_item" "$.python.builtin.object" "$" "py_flush_output" "reticulate::py_run_string" "declare_symbols_worker" "as_sym" "system.time" 
"doTryCatch" "tryCatchOne" "tryCatchList" "doTryCatch" "tryCatchOne" "tryCatchList" "tryCatch" "py_ref_to_r" "py_to_r.default" "py_to_r" "py_maybe_convert" "py_get_attr_or_item" "$.python.builtin.object" "$.python.builtin.module" "$" "py_flush_output" "reticulate::py_run_string" "declare_symbols_worker" "as_sym" "system.time" 
"py_available" "py_get_attr_or_item" "$.python.builtin.object" "$.python.builtin.module" "$" "py_flush_output" "reticulate::py_run_string" "declare_symbols_worker" "as_sym" "system.time" 
"py_ref_to_r" "py_to_r.default" "py_to_r" "py_maybe_convert" "py_get_attr_or_item" "$.python.builtin.object" "$.python.builtin.module" "$" "py_flush_output" "reticulate::py_run_string" "declare_symbols_worker" "as_sym" "system.time" 
"py_eval_impl" "reticulate::py_eval" "eval_to_symbol" "as_sym" "system.time" 
"environment" "doTryCatch" "tryCatchOne" "tryCatchList" "tryCatch" "py_get_attr_impl" "py_get_attr" "py_get_attr_or_item" "$.python.builtin.object" "$.python.builtin.module" "$" "py_flush_output" "reticulate::py_run_string" "declare_symbols_worker" "as_sym" "system.time" 
"py_get_attr_impl" "py_get_attr" "py_get_attr_or_item" "$.python.builtin.object" "$" "py_flush_output" "reticulate::py_run_string" "declare_symbols_worker" "as_sym" "system.time" 
"py_get_attr_impl" "py_get_attr" "py_get_attr_or_item" "$.python.builtin.object" "$.python.builtin.module" "$" "py_flush_output" "reticulate::py_run_string" "declare_symbols_worker" "as_sym" "system.time" 
"exists" "py_is_module_proxy" "py_has_attr" "py_get_attr_or_item" "$.python.builtin.object" "$.python.builtin.module" "$" "py_flush_output" "reticulate::py_run_string" "declare_symbols_worker" "as_sym" "system.time" 
"tryCatchOne" "tryCatchList" "tryCatch" "py_ref_to_r" "py_to_r.default" "py_to_r" "py_maybe_convert" "py_get_attr_or_item" "$.python.builtin.object" "$.python.builtin.module" "$" "py_flush_output" "reticulate::py_run_string" "declare_symbols_worker" "as_sym" "system.time" 
"environment" "doTryCatch" "tryCatchOne" "tryCatchList" "doTryCatch" "tryCatchOne" "tryCatchList" "tryCatch" "py_get_attr_impl" "py_get_attr" "py_get_attr_or_item" "$.python.builtin.object" "$" "py_flush_output" "reticulate::py_run_string" "declare_symbols_worker" "as_sym" "system.time" 
"tryCatch" "py_get_attr_impl" "py_get_attr" "py_get_attr_or_item" "$.python.builtin.object" "$.python.builtin.module" "$" "py_flush_output" "reticulate::py_run_string" "declare_symbols_worker" "as_sym" "system.time" 
"evalq" "doTryCatch" "tryCatchOne" "tryCatchList" "doTryCatch" "tryCatchOne" "tryCatchList" "tryCatch" "py_get_attr_impl" "py_get_attr" "py_get_attr_or_item" "$.python.builtin.object" "$.python.builtin.module" "$" "py_flush_output" "reticulate::py_run_string" "declare_symbols_worker" "as_sym" "system.time" 
"py_available" "py_get_attr_or_item" "$.python.builtin.object" "$" "py_flush_output" "reticulate::py_run_string" "declare_symbols_worker" "as_sym" "system.time" 
"evalq" "doTryCatch" "tryCatchOne" "tryCatchList" "doTryCatch" "tryCatchOne" "tryCatchList" "tryCatch" "py_get_attr_impl" "py_get_attr" "py_get_attr_or_item" "$.python.builtin.object" "$" "py_flush_output" "reticulate::py_run_string" "declare_symbols_worker" "as_sym" "system.time" 
"py_run_string_impl" "reticulate::py_run_string" "declare_symbols_worker" "as_sym" "system.time" 
"py_get_attr_impl" "py_get_attr" "py_get_attr_or_item" "$.python.builtin.object" "$.python.builtin.module" "$" "py_flush_output" "reticulate::py_run_string" "declare_symbols_worker" "as_sym" "system.time" 
"tryCatchOne" "tryCatchList" "doTryCatch" "tryCatchOne" "tryCatchList" "tryCatch" "py_ref_to_r" "py_to_r.default" "py_to_r" "py_maybe_convert" "py_get_attr_or_item" "$.python.builtin.object" "$.python.builtin.module" "$" "py_flush_output" "reticulate::py_run_string" "declare_symbols_worker" "as_sym" "system.time" 
"py_get_attr_impl" "py_get_attr" "py_get_attr_or_item" "$.python.builtin.object" "$" "py_flush_output" "reticulate::py_run_string" "declare_symbols_worker" "as_sym" "system.time" 
"evalq" "evalq" "doTryCatch" "tryCatchOne" "tryCatchList" "doTryCatch" "tryCatchOne" "tryCatchList" "tryCatch" "py_ref_to_r" "py_to_r.default" "py_to_r" "py_maybe_convert" "py_get_attr_or_item" "$.python.builtin.object" "$.python.builtin.module" "$" "py_flush_output" "reticulate::py_run_string" "declare_symbols_worker" "as_sym" "system.time" 
"tryCatchOne" "tryCatchList" "tryCatch" "py_ref_to_r" "py_to_r.default" "py_to_r" "py_maybe_convert" "py_get_attr_or_item" "$.python.builtin.object" "$" "py_flush_output" "reticulate::py_run_string" "declare_symbols_worker" "as_sym" "system.time" 
"evalq" "doTryCatch" "tryCatchOne" "tryCatchList" "doTryCatch" "tryCatchOne" "tryCatchList" "tryCatch" "py_run_string_impl" "reticulate::py_run_string" "declare_symbols_worker" "as_sym" "system.time" 
"py_get_attr_impl" "py_get_attr" "py_get_attr_or_item" "$.python.builtin.object" "$" "py_flush_output" "reticulate::py_run_string" "declare_symbols_worker" "as_sym" "system.time" 
"exists" "py_is_module_proxy" "py_has_attr" "py_get_attr_or_item" "$.python.builtin.object" "$.python.builtin.module" "$" "py_flush_output" "reticulate::py_run_string" "declare_symbols_worker" "as_sym" "system.time" 
"doTryCatch" "tryCatchOne" "tryCatchList" "doTryCatch" "tryCatchOne" "tryCatchList" "tryCatch" "py_ref_to_r" "py_to_r.default" "py_to_r" "py_maybe_convert" "py_get_attr_or_item" "$.python.builtin.object" "$" "py_flush_output" "reticulate::py_run_string" "declare_symbols_worker" "as_sym" "system.time" 
"py_has_convert" "py_maybe_convert" "py_get_attr_or_item" "$.python.builtin.object" "$.python.builtin.module" "$" "py_flush_output" "reticulate::py_run_string" "declare_symbols_worker" "as_sym" "system.time" 
"evalq" "doTryCatch" "tryCatchOne" "tryCatchList" "doTryCatch" "tryCatchOne" "tryCatchList" "tryCatch" "py_ref_to_r" "py_to_r.default" "py_to_r" "py_maybe_convert" "py_get_attr_or_item" "$.python.builtin.object" "$" "py_flush_output" "reticulate::py_run_string" "declare_symbols_worker" "as_sym" "system.time" 
"py_get_attr_impl" "py_get_attr" "py_get_attr_or_item" "$.python.builtin.object" "$.python.builtin.module" "$" "py_flush_output" "reticulate::py_run_string" "declare_symbols_worker" "as_sym" "system.time" 
"tryCatch" "py_call_impl" "<Anonymous>" "py_flush_output" "reticulate::py_run_string" "declare_symbols_worker" "as_sym" "system.time" 
"py_to_r" "py_maybe_convert" "py_get_attr_or_item" "$.python.builtin.object" "$" "py_flush_output" "reticulate::py_run_string" "declare_symbols_worker" "as_sym" "system.time" 
"py_ref_to_r" "py_to_r.default" "py_to_r" "py_maybe_convert" "py_get_attr_or_item" "$.python.builtin.object" "$" "py_flush_output" "reticulate::py_run_string" "declare_symbols_worker" "as_sym" "system.time" 
"py_is_module_proxy" "py_has_attr" "py_get_attr_or_item" "$.python.builtin.object" "$.python.builtin.module" "$" "py_flush_output" "reticulate::py_run_string" "declare_symbols_worker" "as_sym" "system.time" 
"tryCatchList" "doTryCatch" "tryCatchOne" "tryCatchList" "tryCatch" "py_get_attr_impl" "py_get_attr" "py_get_attr_or_item" "$.python.builtin.object" "$" "py_flush_output" "reticulate::py_run_string" "declare_symbols_worker" "as_sym" "system.time" 
"tryCatchOne" "tryCatchList" "tryCatch" "py_get_attr_impl" "py_get_attr" "py_get_attr_or_item" "$.python.builtin.object" "$.python.builtin.module" "$" "py_flush_output" "reticulate::py_run_string" "declare_symbols_worker" "as_sym" "system.time" 
"doTryCatch" "tryCatchOne" "tryCatchList" "doTryCatch" "tryCatchOne" "tryCatchList" "tryCatch" "py_ref_to_r" "py_to_r.default" "py_to_r" "py_maybe_convert" "py_get_attr_or_item" "$.python.builtin.object" "$" "py_flush_output" "reticulate::py_run_string" "declare_symbols_worker" "as_sym" "system.time" 
"py_get_attr_impl" "py_get_attr" "py_get_attr_or_item" "$.python.builtin.object" "$.python.builtin.module" "$" "py_flush_output" "reticulate::py_run_string" "declare_symbols_worker" "as_sym" "system.time" 
"py_ref_to_r" "py_to_r.default" "py_to_r" "py_maybe_convert" "py_get_attr_or_item" "$.python.builtin.object" "$" "py_flush_output" "reticulate::py_run_string" "declare_symbols_worker" "as_sym" "system.time" 
"environment" "doTryCatch" "tryCatchOne" "tryCatchList" "doTryCatch" "tryCatchOne" "tryCatchList" "tryCatch" "py_ref_to_r" "py_to_r.default" "py_to_r" "py_maybe_convert" "py_get_attr_or_item" "$.python.builtin.object" "$.python.builtin.module" "$" "py_flush_output" "reticulate::py_run_string" "declare_symbols_worker" "as_sym" "system.time" 
"evalq" "evalq" "doTryCatch" "tryCatchOne" "tryCatchList" "doTryCatch" "tryCatchOne" "tryCatchList" "tryCatch" "py_ref_to_r" "py_to_r.default" "py_to_r" "py_maybe_convert" "py_get_attr_or_item" "$.python.builtin.object" "$" "py_flush_output" "reticulate::py_run_string" "declare_symbols_worker" "as_sym" "system.time" 
"doTryCatch" "tryCatchOne" "tryCatchList" "doTryCatch" "tryCatchOne" "tryCatchList" "tryCatch" "py_call_impl" "<Anonymous>" "py_flush_output" "reticulate::py_run_string" "declare_symbols_worker" "as_sym" "system.time" 
"py_run_string_impl" "reticulate::py_run_string" "declare_symbols_worker" "as_sym" "system.time" 
"tryCatchList" "tryCatch" "py_ref_to_r" "py_to_r.default" "py_to_r" "py_maybe_convert" "py_get_attr_or_item" "$.python.builtin.object" "$" "py_flush_output" "reticulate::py_run_string" "declare_symbols_worker" "as_sym" "system.time" 
"tryCatchList" "tryCatch" "py_ref_to_r" "py_to_r.default" "py_to_r" "py_maybe_convert" "py_get_attr_or_item" "$.python.builtin.object" "$" "py_flush_output" "reticulate::py_run_string" "declare_symbols_worker" "as_sym" "system.time" 
"py_get_attr_impl" "py_get_attr" "py_get_attr_or_item" "$.python.builtin.object" "$.python.builtin.module" "$" "py_flush_output" "reticulate::py_run_string" "declare_symbols_worker" "as_sym" "system.time" 
"tryCatchList" "doTryCatch" "tryCatchOne" "tryCatchList" "tryCatch" "py_get_attr_impl" "py_get_attr" "py_get_attr_or_item" "$.python.builtin.object" "$.python.builtin.module" "$" "py_flush_output" "reticulate::py_run_string" "declare_symbols_worker" "as_sym" "system.time" 
"py_get_attr_impl" "py_get_attr" "py_get_attr_or_item" "$.python.builtin.object" "$.python.builtin.module" "$" "py_flush_output" "reticulate::py_run_string" "declare_symbols_worker" "as_sym" "system.time" 
"py_run_string_impl" "reticulate::py_run_string" "declare_symbols_worker" "as_sym" "system.time" 
"py_run_string_impl" "reticulate::py_run_string" "declare_symbols_worker" "as_sym" "system.time" 
"tryCatchList" "tryCatch" "py_get_attr_impl" "py_get_attr" "py_get_attr_or_item" "$.python.builtin.object" "$.python.builtin.module" "$" "py_flush_output" "reticulate::py_run_string" "declare_symbols_worker" "as_sym" "system.time" 
"py_ref_to_r" "py_to_r.default" "py_to_r" "py_maybe_convert" "py_get_attr_or_item" "$.python.builtin.object" "$" "py_flush_output" "reticulate::py_run_string" "declare_symbols_worker" "as_sym" "system.time" 
"py_is_module_proxy" "$.python.builtin.module" "$" "py_flush_output" "reticulate::py_run_string" "declare_symbols_worker" "as_sym" "system.time" 
"py_has_attr_impl" "py_has_attr" "py_get_attr_or_item" "$.python.builtin.object" "$.python.builtin.module" "$" "py_flush_output" "reticulate::py_run_string" "declare_symbols_worker" "as_sym" "system.time" 
"doTryCatch" "tryCatchOne" "tryCatchList" "tryCatch" "py_ref_to_r" "py_to_r.default" "py_to_r" "py_maybe_convert" "py_get_attr_or_item" "$.python.builtin.object" "$.python.builtin.module" "$" "py_flush_output" "reticulate::py_run_string" "declare_symbols_worker" "as_sym" "system.time" 
"py_maybe_convert" "py_get_attr_or_item" "$.python.builtin.object" "$.python.builtin.module" "$" "py_flush_output" "reticulate::py_run_string" "declare_symbols_worker" "as_sym" "system.time" 
"py_get_attr_impl" "py_get_attr" "py_get_attr_or_item" "$.python.builtin.object" "$.python.builtin.module" "$" "py_flush_output" "reticulate::py_run_string" "declare_symbols_worker" "as_sym" "system.time" 
"tryCatch" "py_ref_to_r" "py_to_r.default" "py_to_r" "py_maybe_convert" "py_get_attr_or_item" "$.python.builtin.object" "$" "py_flush_output" "reticulate::py_run_string" "declare_symbols_worker" "as_sym" "system.time" 
"parent.frame" "tryCatch" "py_get_attr_impl" "py_get_attr" "py_get_attr_or_item" "$.python.builtin.object" "$.python.builtin.module" "$" "py_flush_output" "reticulate::py_run_string" "declare_symbols_worker" "as_sym" "system.time" 
"py_run_string_impl" "reticulate::py_run_string" "declare_symbols_worker" "as_sym" "system.time" 
"doTryCatch" "tryCatchOne" "tryCatchList" "doTryCatch" "tryCatchOne" "tryCatchList" "tryCatch" "py_ref_to_r" "py_to_r.default" "py_to_r" "py_maybe_convert" "py_get_attr_or_item" "$.python.builtin.object" "$.python.builtin.module" "$" "py_flush_output" "reticulate::py_run_string" "declare_symbols_worker" "as_sym" "system.time" 
"doTryCatch" "tryCatchOne" "tryCatchList" "doTryCatch" "tryCatchOne" "tryCatchList" "tryCatch" "py_get_attr_impl" "py_get_attr" "py_get_attr_or_item" "$.python.builtin.object" "$.python.builtin.module" "$" "py_flush_output" "reticulate::py_run_string" "declare_symbols_worker" "as_sym" "system.time" 
"doTryCatch" "tryCatchOne" "tryCatchList" "tryCatch" "py_get_attr_impl" "py_get_attr" "py_get_attr_or_item" "$.python.builtin.object" "$" "py_flush_output" "reticulate::py_run_string" "declare_symbols_worker" "as_sym" "system.time" 
"tryCatch" "py_ref_to_r" "py_to_r.default" "py_to_r" "py_maybe_convert" "py_get_attr_or_item" "$.python.builtin.object" "$" "py_flush_output" "reticulate::py_run_string" "declare_symbols_worker" "as_sym" "system.time" 
"environment" "doTryCatch" "tryCatchOne" "tryCatchList" "tryCatch" "py_get_attr_impl" "py_get_attr" "py_get_attr_or_item" "$.python.builtin.object" "$.python.builtin.module" "$" "py_flush_output" "reticulate::py_run_string" "declare_symbols_worker" "as_sym" "system.time" 
"py_has_convert" "py_maybe_convert" "py_get_attr_or_item" "$.python.builtin.object" "$.python.builtin.module" "$" "py_flush_output" "reticulate::py_run_string" "declare_symbols_worker" "as_sym" "system.time" 
"doTryCatch" "tryCatchOne" "tryCatchList" "tryCatch" "py_module_import" "import" "py_flush_output" "reticulate::py_run_string" "declare_symbols_worker" "as_sym" "system.time" 
"tryCatchList" "tryCatch" "py_module_import" "import" "py_flush_output" "reticulate::py_run_string" "declare_symbols_worker" "as_sym" "system.time" 
"exists" "py_is_module_proxy" "py_has_attr" "py_get_attr_or_item" "$.python.builtin.object" "$.python.builtin.module" "$" "py_flush_output" "reticulate::py_run_string" "declare_symbols_worker" "as_sym" "system.time" 
"py_has_convert" "py_maybe_convert" "py_get_attr_or_item" "$.python.builtin.object" "$.python.builtin.module" "$" "py_flush_output" "reticulate::py_run_string" "declare_symbols_worker" "as_sym" "system.time" 
"environment" "doTryCatch" "tryCatchOne" "tryCatchList" "doTryCatch" "tryCatchOne" "tryCatchList" "tryCatch" "py_ref_to_r" "py_to_r.default" "py_to_r" "py_maybe_convert" "py_get_attr_or_item" "$.python.builtin.object" "$" "py_flush_output" "reticulate::py_run_string" "declare_symbols_worker" "as_sym" "system.time" 
"baseenv" "evalq" "doTryCatch" "tryCatchOne" "tryCatchList" "doTryCatch" "tryCatchOne" "tryCatchList" "tryCatch" "py_ref_to_r" "py_to_r.default" "py_to_r" "py_maybe_convert" "py_get_attr_or_item" "$.python.builtin.object" "$" "py_flush_output" "reticulate::py_run_string" "declare_symbols_worker" "as_sym" "system.time" 
"py_ref_to_r" "py_to_r.default" "py_to_r" "py_maybe_convert" "py_get_attr_or_item" "$.python.builtin.object" "$.python.builtin.module" "$" "py_flush_output" "reticulate::py_run_string" "declare_symbols_worker" "as_sym" "system.time" 
"py_ref_to_r" "py_to_r.default" "py_to_r" "py_maybe_convert" "py_get_attr_or_item" "$.python.builtin.object" "$.python.builtin.module" "$" "py_flush_output" "reticulate::py_run_string" "declare_symbols_worker" "as_sym" "system.time" 
"doTryCatch" "tryCatchOne" "tryCatchList" "doTryCatch" "tryCatchOne" "tryCatchList" "tryCatch" "py_get_attr_impl" "py_get_attr" "py_get_attr_or_item" "$.python.builtin.object" "$.python.builtin.module" "$" "py_flush_output" "reticulate::py_run_string" "declare_symbols_worker" "as_sym" "system.time" 
"py_ref_to_r" "py_to_r.default" "py_to_r" "py_maybe_convert" "py_get_attr_or_item" "$.python.builtin.object" "$" "py_flush_output" "reticulate::py_run_string" "declare_symbols_worker" "as_sym" "system.time" 
"doTryCatch" "tryCatchOne" "tryCatchList" "doTryCatch" "tryCatchOne" "tryCatchList" "tryCatch" "py_ref_to_r" "py_to_r.default" "py_to_r" "py_maybe_convert" "py_get_attr_or_item" "$.python.builtin.object" "$" "py_flush_output" "reticulate::py_run_string" "declare_symbols_worker" "as_sym" "system.time" 
"py_module_import" "import" "py_flush_output" "reticulate::py_run_string" "declare_symbols_worker" "as_sym" "system.time" 
"py_get_attr_impl" "py_get_attr" "py_get_attr_or_item" "$.python.builtin.object" "$" "py_flush_output" "reticulate::py_run_string" "declare_symbols_worker" "as_sym" "system.time" 
"doTryCatch" "tryCatchOne" "tryCatchList" "tryCatch" "py_get_attr_impl" "py_get_attr" "py_get_attr_or_item" "$.python.builtin.object" "$.python.builtin.module" "$" "py_flush_output" "reticulate::py_run_string" "declare_symbols_worker" "as_sym" "system.time" 
"py_get_attr_impl" "py_get_attr" "py_get_attr_or_item" "$.python.builtin.object" "$.python.builtin.module" "$" "py_flush_output" "reticulate::py_run_string" "declare_symbols_worker" "as_sym" "system.time" 
"tryCatchOne" "tryCatchList" "tryCatch" "py_ref_to_r" "py_to_r.default" "py_to_r" "py_maybe_convert" "py_get_attr_or_item" "$.python.builtin.object" "$" "py_flush_output" "reticulate::py_run_string" "declare_symbols_worker" "as_sym" "system.time" 
"py_eval_impl" "reticulate::py_eval" "eval_to_symbol" "as_sym" "system.time" 
"new.env" "evalq" "evalq" "doTryCatch" "tryCatchOne" "tryCatchList" "doTryCatch" "tryCatchOne" "tryCatchList" "tryCatch" "py_ref_to_r" "py_to_r.default" "py_to_r" "py_maybe_convert" "py_get_attr_or_item" "$.python.builtin.object" "$" "py_flush_output" "reticulate::py_run_string" "declare_symbols_worker" "as_sym" "system.time" 
"tryCatchList" "tryCatch" "py_ref_to_r" "py_to_r.default" "py_to_r" "py_maybe_convert" "py_get_attr_or_item" "$.python.builtin.object" "$" "py_flush_output" "reticulate::py_run_string" "declare_symbols_worker" "as_sym" "system.time" 
"py_get_attr_impl" "py_get_attr" "py_get_attr_or_item" "$.python.builtin.object" "$.python.builtin.module" "$" "py_flush_output" "reticulate::py_run_string" "declare_symbols_worker" "as_sym" "system.time" 
"doTryCatch" "tryCatchOne" "tryCatchList" "doTryCatch" "tryCatchOne" "tryCatchList" "tryCatch" "py_get_attr_impl" "py_get_attr" "py_get_attr_or_item" "$.python.builtin.object" "$.python.builtin.module" "$" "py_flush_output" "reticulate::py_run_string" "declare_symbols_worker" "as_sym" "system.time" 
"tryCatch" "py_run_string_impl" "reticulate::py_run_string" "declare_symbols_worker" "as_sym" "system.time" 
"as.environment" "get" "py_has_convert" "py_maybe_convert" "py_get_attr_or_item" "$.python.builtin.object" "$" "py_flush_output" "reticulate::py_run_string" "declare_symbols_worker" "as_sym" "system.time" 
"names" "tryCatch" "py_ref_to_r" "py_to_r.default" "py_to_r" "py_maybe_convert" "py_get_attr_or_item" "$.python.builtin.object" "$.python.builtin.module" "$" "py_flush_output" "reticulate::py_run_string" "declare_symbols_worker" "as_sym" "system.time" 
"py_call_impl" "<Anonymous>" "py_flush_output" "reticulate::py_run_string" "declare_symbols_worker" "as_sym" "system.time" 
"doTryCatch" "tryCatchOne" "tryCatchList" "tryCatch" "py_module_import" "import" "py_flush_output" "reticulate::py_run_string" "declare_symbols_worker" "as_sym" "system.time" 
"py_eval_impl" "reticulate::py_eval" "eval_to_symbol" "as_sym" "system.time" 
"evalq" "doTryCatch" "tryCatchOne" "tryCatchList" "doTryCatch" "tryCatchOne" "tryCatchList" "tryCatch" "py_ref_to_r" "py_to_r.default" "py_to_r" "py_maybe_convert" "py_get_attr_or_item" "$.python.builtin.object" "$" "py_flush_output" "reticulate::py_run_string" "declare_symbols_worker" "as_sym" "system.time" 
"tryCatchList" "tryCatch" "py_ref_to_r" "py_to_r.default" "py_to_r" "py_maybe_convert" "py_get_attr_or_item" "$.python.builtin.object" "$" "py_flush_output" "reticulate::py_run_string" "declare_symbols_worker" "as_sym" "system.time" 
"environment" "doTryCatch" "tryCatchOne" "tryCatchList" "doTryCatch" "tryCatchOne" "tryCatchList" "tryCatch" "py_ref_to_r" "py_to_r.default" "py_to_r" "py_maybe_convert" "py_get_attr_or_item" "$.python.builtin.object" "$.python.builtin.module" "$" "py_flush_output" "reticulate::py_run_string" "declare_symbols_worker" "as_sym" "system.time" 
"tryCatchList" "tryCatch" "py_ref_to_r" "py_to_r.default" "py_to_r" "py_maybe_convert" "py_get_attr_or_item" "$.python.builtin.object" "$" "py_flush_output" "reticulate::py_run_string" "declare_symbols_worker" "as_sym" "system.time" 
"doTryCatch" "tryCatchOne" "tryCatchList" "tryCatch" "py_get_attr_impl" "py_get_attr" "py_get_attr_or_item" "$.python.builtin.object" "$.python.builtin.module" "$" "py_flush_output" "reticulate::py_run_string" "declare_symbols_worker" "as_sym" "system.time" 
"$" "py_flush_output" "reticulate::py_run_string" "declare_symbols_worker" "as_sym" "system.time" 
"tryCatchOne" "tryCatchList" "tryCatch" "py_get_attr_impl" "py_get_attr" "py_get_attr_or_item" "$.python.builtin.object" "$.python.builtin.module" "$" "py_flush_output" "reticulate::py_run_string" "declare_symbols_worker" "as_sym" "system.time" 
"py_has_attr_impl" "py_has_attr" "py_get_attr_or_item" "$.python.builtin.object" "$.python.builtin.module" "$" "py_flush_output" "reticulate::py_run_string" "declare_symbols_worker" "as_sym" "system.time" 
"tryCatch" "py_ref_to_r" "py_to_r.default" "py_to_r" "py_maybe_convert" "py_get_attr_or_item" "$.python.builtin.object" "$" "py_flush_output" "reticulate::py_run_string" "declare_symbols_worker" "as_sym" "system.time" 
"doTryCatch" "tryCatchOne" "tryCatchList" "doTryCatch" "tryCatchOne" "tryCatchList" "tryCatch" "py_eval_impl" "reticulate::py_eval" "eval_to_symbol" "as_sym" "system.time" 
"py_call_impl" "<Anonymous>" "py_flush_output" "reticulate::py_run_string" "declare_symbols_worker" "as_sym" "system.time" 
"tryCatch" "py_get_attr_impl" "py_get_attr" "py_get_attr_or_item" "$.python.builtin.object" "$" "py_flush_output" "reticulate::py_run_string" "declare_symbols_worker" "as_sym" "system.time" 
"tryCatch" "py_get_attr_impl" "py_get_attr" "py_get_attr_or_item" "$.python.builtin.object" "$.python.builtin.module" "$" "py_flush_output" "reticulate::py_run_string" "declare_symbols_worker" "as_sym" "system.time" 
"tryCatch" "py_get_attr_impl" "py_get_attr" "py_get_attr_or_item" "$.python.builtin.object" "$.python.builtin.module" "$" "py_flush_output" "reticulate::py_run_string" "declare_symbols_worker" "as_sym" "system.time" 
"doTryCatch" "tryCatchOne" "tryCatchList" "doTryCatch" "tryCatchOne" "tryCatchList" "tryCatch" "py_get_attr_impl" "py_get_attr" "py_get_attr_or_item" "$.python.builtin.object" "$.python.builtin.module" "$" "py_flush_output" "reticulate::py_run_string" "declare_symbols_worker" "as_sym" "system.time" 
"doTryCatch" "tryCatchOne" "tryCatchList" "tryCatch" "py_get_attr_impl" "py_get_attr" "py_get_attr_or_item" "$.python.builtin.object" "$.python.builtin.module" "$" "py_flush_output" "reticulate::py_run_string" "declare_symbols_worker" "as_sym" "system.time" 
"evalq" "doTryCatch" "tryCatchOne" "tryCatchList" "doTryCatch" "tryCatchOne" "tryCatchList" "tryCatch" "py_get_attr_impl" "py_get_attr" "py_get_attr_or_item" "$.python.builtin.object" "$.python.builtin.module" "$" "py_flush_output" "reticulate::py_run_string" "declare_symbols_worker" "as_sym" "system.time" 
"py_has_convert" "py_maybe_convert" "py_get_attr_or_item" "$.python.builtin.object" "$" "py_flush_output" "reticulate::py_run_string" "declare_symbols_worker" "as_sym" "system.time" 
"tryCatchList" "tryCatch" "py_run_string_impl" "reticulate::py_run_string" "declare_symbols_worker" "as_sym" "system.time" 
"py_get_attr_impl" "py_get_attr" "py_get_attr_or_item" "$.python.builtin.object" "$.python.builtin.module" "$" "py_flush_output" "reticulate::py_run_string" "declare_symbols_worker" "as_sym" "system.time" 
"doTryCatch" "tryCatchOne" "tryCatchList" "doTryCatch" "tryCatchOne" "tryCatchList" "tryCatch" "py_get_attr_impl" "py_get_attr" "py_get_attr_or_item" "$.python.builtin.object" "$.python.builtin.module" "$" "py_flush_output" "reticulate::py_run_string" "declare_symbols_worker" "as_sym" "system.time" 
"py_ref_to_r" "py_to_r.default" "py_to_r" "py_maybe_convert" "py_get_attr_or_item" "$.python.builtin.object" "$" "py_flush_output" "reticulate::py_run_string" "declare_symbols_worker" "as_sym" "system.time" 
"tryCatch" "py_get_attr_impl" "py_get_attr" "py_get_attr_or_item" "$.python.builtin.object" "$.python.builtin.module" "$" "py_flush_output" "reticulate::py_run_string" "declare_symbols_worker" "as_sym" "system.time" 
"py_ref_to_r" "py_to_r.default" "py_to_r" "py_maybe_convert" "py_get_attr_or_item" "$.python.builtin.object" "$.python.builtin.module" "$" "py_flush_output" "reticulate::py_run_string" "declare_symbols_worker" "as_sym" "system.time" 
"py_available" "py_get_attr_or_item" "$.python.builtin.object" "$" "py_flush_output" "reticulate::py_run_string" "declare_symbols_worker" "as_sym" "system.time" 
"py_ref_to_r" "py_to_r.default" "py_to_r" "py_maybe_convert" "py_get_attr_or_item" "$.python.builtin.object" "$.python.builtin.module" "$" "py_flush_output" "reticulate::py_run_string" "declare_symbols_worker" "as_sym" "system.time" 
"py_has_convert" "py_maybe_convert" "py_get_attr_or_item" "$.python.builtin.object" "$" "py_flush_output" "reticulate::py_run_string" "declare_symbols_worker" "as_sym" "system.time" 
"doTryCatch" "tryCatchOne" "tryCatchList" "tryCatch" "py_ref_to_r" "py_to_r.default" "py_to_r" "py_maybe_convert" "py_get_attr_or_item" "$.python.builtin.object" "$.python.builtin.module" "$" "py_flush_output" "reticulate::py_run_string" "declare_symbols_worker" "as_sym" "system.time" 
"py_ref_to_r" "py_to_r.default" "py_to_r" "<Anonymous>" "py_flush_output" "reticulate::py_run_string" "declare_symbols_worker" "as_sym" "system.time" 
"py_ref_to_r" "py_to_r.default" "py_to_r" "py_maybe_convert" "py_get_attr_or_item" "$.python.builtin.object" "$" "py_flush_output" "reticulate::py_run_string" "declare_symbols_worker" "as_sym" "system.time" 
"tryCatchList" "doTryCatch" "tryCatchOne" "tryCatchList" "tryCatch" "py_module_import" "import" "py_flush_output" "reticulate::py_run_string" "declare_symbols_worker" "as_sym" "system.time" 
"new.env" "evalq" "evalq" "doTryCatch" "tryCatchOne" "tryCatchList" "doTryCatch" "tryCatchOne" "tryCatchList" "tryCatch" "py_ref_to_r" "py_to_r.default" "py_to_r" "py_maybe_convert" "py_get_attr_or_item" "$.python.builtin.object" "$" "py_flush_output" "reticulate::py_run_string" "declare_symbols_worker" "as_sym" "system.time" 
"tryCatchOne" "tryCatchList" "tryCatch" "py_get_attr_impl" "py_get_attr" "py_get_attr_or_item" "$.python.builtin.object" "$.python.builtin.module" "$" "py_flush_output" "reticulate::py_run_string" "declare_symbols_worker" "as_sym" "system.time" 
"doTryCatch" "tryCatchOne" "tryCatchList" "tryCatch" "py_get_attr_impl" "py_get_attr" "py_get_attr_or_item" "$.python.builtin.object" "$.python.builtin.module" "$" "py_flush_output" "reticulate::py_run_string" "declare_symbols_worker" "as_sym" "system.time" 
"is_python_initialized" "ensure_python_initialized" "py_to_r" "py_maybe_convert" "py_get_attr_or_item" "$.python.builtin.object" "$.python.builtin.module" "$" "py_flush_output" "reticulate::py_run_string" "declare_symbols_worker" "as_sym" "system.time" 
"py_get_attr_impl" "py_get_attr" "py_get_attr_or_item" "$.python.builtin.object" "$" "py_flush_output" "reticulate::py_run_string" "declare_symbols_worker" "as_sym" "system.time" 
"<Anonymous>" "evalq" "evalq" "doTryCatch" "tryCatchOne" "tryCatchList" "doTryCatch" "tryCatchOne" "tryCatchList" "tryCatch" "py_get_attr_impl" "py_get_attr" "py_get_attr_or_item" "$.python.builtin.object" "$.python.builtin.module" "$" "py_flush_output" "reticulate::py_run_string" "declare_symbols_worker" "as_sym" "system.time" 
"py_run_string_impl" "reticulate::py_run_string" "declare_symbols_worker" "as_sym" "system.time" 
"py_ref_to_r" "py_to_r.default" "py_to_r" "py_maybe_convert" "py_get_attr_or_item" "$.python.builtin.object" "$.python.builtin.module" "$" "py_flush_output" "reticulate::py_run_string" "declare_symbols_worker" "as_sym" "system.time" 
"py_is_module_proxy" "py_get_attr" "py_get_attr_or_item" "$.python.builtin.object" "$.python.builtin.module" "$" "py_flush_output" "reticulate::py_run_string" "declare_symbols_worker" "as_sym" "system.time" 
"py_eval_impl" "reticulate::py_eval" "eval_to_symbol" "as_sym" "system.time" 
"py_has_convert" "py_maybe_convert" "py_get_attr_or_item" "$.python.builtin.object" "$.python.builtin.module" "$" "py_flush_output" "reticulate::py_run_string" "declare_symbols_worker" "as_sym" "system.time" 
"environment" "doTryCatch" "tryCatchOne" "tryCatchList" "tryCatch" "py_ref_to_r" "py_to_r.default" "py_to_r" "py_maybe_convert" "py_get_attr_or_item" "$.python.builtin.object" "$" "py_flush_output" "reticulate::py_run_string" "declare_symbols_worker" "as_sym" "system.time" 
"doTryCatch" "tryCatchOne" "tryCatchList" "doTryCatch" "tryCatchOne" "tryCatchList" "tryCatch" "py_get_attr_impl" "py_get_attr" "py_get_attr_or_item" "$.python.builtin.object" "$.python.builtin.module" "$" "py_flush_output" "reticulate::py_run_string" "declare_symbols_worker" "as_sym" "system.time" 
"py_ref_to_r" "py_to_r.default" "py_to_r" "py_maybe_convert" "py_get_attr_or_item" "$.python.builtin.object" "$.python.builtin.module" "$" "py_flush_output" "reticulate::py_run_string" "declare_symbols_worker" "as_sym" "system.time" 
"py_ref_to_r" "py_to_r.default" "py_to_r" "py_maybe_convert" "py_get_attr_or_item" "$.python.builtin.object" "$.python.builtin.module" "$" "py_flush_output" "reticulate::py_run_string" "declare_symbols_worker" "as_sym" "system.time" 
"py_maybe_convert" "py_get_attr_or_item" "$.python.builtin.object" "$" "py_flush_output" "reticulate::py_run_string" "declare_symbols_worker" "as_sym" "system.time" 
"py_to_r_wrapper" "py_to_r.default" "py_to_r" "py_maybe_convert" "py_get_attr_or_item" "$.python.builtin.object" "$" "py_flush_output" "reticulate::py_run_string" "declare_symbols_worker" "as_sym" "system.time" 
"py_to_r_wrapper" "py_to_r.default" "py_to_r" "py_maybe_convert" "py_get_attr_or_item" "$.python.builtin.object" "$.python.builtin.module" "$" "py_flush_output" "reticulate::py_run_string" "declare_symbols_worker" "as_sym" "system.time" 
"py_get_attr_impl" "py_get_attr" "py_get_attr_or_item" "$.python.builtin.object" "$" "py_flush_output" "reticulate::py_run_string" "declare_symbols_worker" "as_sym" "system.time" 
"doTryCatch" "tryCatchOne" "tryCatchList" "doTryCatch" "tryCatchOne" "tryCatchList" "tryCatch" "py_call_impl" "<Anonymous>" "py_flush_output" "reticulate::py_run_string" "declare_symbols_worker" "as_sym" "system.time" 
"tryCatch" "py_get_attr_impl" "py_get_attr" "py_get_attr_or_item" "$.python.builtin.object" "$.python.builtin.module" "$" "py_flush_output" "reticulate::py_run_string" "declare_symbols_worker" "as_sym" "system.time" 
"tryCatchList" "tryCatch" "py_get_attr_impl" "py_get_attr" "py_get_attr_or_item" "$.python.builtin.object" "$.python.builtin.module" "$" "py_flush_output" "reticulate::py_run_string" "declare_symbols_worker" "as_sym" "system.time" 
"py_call_impl" "<Anonymous>" "py_flush_output" "reticulate::py_run_string" "declare_symbols_worker" "as_sym" "system.time" 
"doTryCatch" "tryCatchOne" "tryCatchList" "doTryCatch" "tryCatchOne" "tryCatchList" "tryCatch" "py_ref_to_r" "py_to_r.default" "py_to_r" "py_maybe_convert" "py_get_attr_or_item" "$.python.builtin.object" "$.python.builtin.module" "$" "py_flush_output" "reticulate::py_run_string" "declare_symbols_worker" "as_sym" "system.time" 
"tryCatchList" "doTryCatch" "tryCatchOne" "tryCatchList" "tryCatch" "py_get_attr_impl" "py_get_attr" "py_get_attr_or_item" "$.python.builtin.object" "$.python.builtin.module" "$" "py_flush_output" "reticulate::py_run_string" "declare_symbols_worker" "as_sym" "system.time" 
"py_run_string_impl" "reticulate::py_run_string" "declare_symbols_worker" "as_sym" "system.time" 
"length" "tryCatchList" "tryCatch" "py_get_attr_impl" "py_get_attr" "py_get_attr_or_item" "$.python.builtin.object" "$.python.builtin.module" "$" "py_flush_output" "reticulate::py_run_string" "declare_symbols_worker" "as_sym" "system.time" 
"py_to_r_wrapper" "py_to_r.default" "py_to_r" "py_maybe_convert" "py_get_attr_or_item" "$.python.builtin.object" "$.python.builtin.module" "$" "py_flush_output" "reticulate::py_run_string" "declare_symbols_worker" "as_sym" "system.time" 
"assign" "py_maybe_convert" "py_get_attr_or_item" "$.python.builtin.object" "$" "py_flush_output" "reticulate::py_run_string" "declare_symbols_worker" "as_sym" "system.time" 
"doTryCatch" "tryCatchOne" "tryCatchList" "tryCatch" "py_get_attr_impl" "py_get_attr" "py_get_attr_or_item" "$.python.builtin.object" "$.python.builtin.module" "$" "py_flush_output" "reticulate::py_run_string" "declare_symbols_worker" "as_sym" "system.time" 
"evalq" "doTryCatch" "tryCatchOne" "tryCatchList" "doTryCatch" "tryCatchOne" "tryCatchList" "tryCatch" "py_get_attr_impl" "py_get_attr" "py_get_attr_or_item" "$.python.builtin.object" "$" "py_flush_output" "reticulate::py_run_string" "declare_symbols_worker" "as_sym" "system.time" 
"tryCatchOne" "tryCatchList" "doTryCatch" "tryCatchOne" "tryCatchList" "tryCatch" "py_ref_to_r" "py_to_r.default" "py_to_r" "py_maybe_convert" "py_get_attr_or_item" "$.python.builtin.object" "$" "py_flush_output" "reticulate::py_run_string" "declare_symbols_worker" "as_sym" "system.time" 
"py_maybe_convert" "py_get_attr_or_item" "$.python.builtin.object" "$.python.builtin.module" "$" "py_flush_output" "reticulate::py_run_string" "declare_symbols_worker" "as_sym" "system.time" 
"tryCatchOne" "tryCatchList" "doTryCatch" "tryCatchOne" "tryCatchList" "tryCatch" "py_ref_to_r" "py_to_r.default" "py_to_r" "py_maybe_convert" "py_get_attr_or_item" "$.python.builtin.object" "$" "py_flush_output" "reticulate::py_run_string" "declare_symbols_worker" "as_sym" "system.time" 
"evalq" "doTryCatch" "tryCatchOne" "tryCatchList" "doTryCatch" "tryCatchOne" "tryCatchList" "tryCatch" "py_get_attr_impl" "py_get_attr" "py_get_attr_or_item" "$.python.builtin.object" "$" "py_flush_output" "reticulate::py_run_string" "declare_symbols_worker" "as_sym" "system.time" 
"py_to_r_wrapper" "py_to_r.default" "py_to_r" "py_maybe_convert" "py_get_attr_or_item" "$.python.builtin.object" "$" "py_flush_output" "reticulate::py_run_string" "declare_symbols_worker" "as_sym" "system.time" 
"doTryCatch" "tryCatchOne" "tryCatchList" "doTryCatch" "tryCatchOne" "tryCatchList" "tryCatch" "py_get_attr_impl" "py_get_attr" "py_get_attr_or_item" "$.python.builtin.object" "$.python.builtin.module" "$" "py_flush_output" "reticulate::py_run_string" "declare_symbols_worker" "as_sym" "system.time" 
"doTryCatch" "tryCatchOne" "tryCatchList" "tryCatch" "py_ref_to_r" "py_to_r.default" "py_to_r" "py_maybe_convert" "py_get_attr_or_item" "$.python.builtin.object" "$" "py_flush_output" "reticulate::py_run_string" "declare_symbols_worker" "as_sym" "system.time" 
"py_get_attr_impl" "py_get_attr" "py_get_attr_or_item" "$.python.builtin.object" "$" "py_flush_output" "reticulate::py_run_string" "declare_symbols_worker" "as_sym" "system.time" 
"<Anonymous>" "evalq" "evalq" "doTryCatch" "tryCatchOne" "tryCatchList" "doTryCatch" "tryCatchOne" "tryCatchList" "tryCatch" "py_get_attr_impl" "py_get_attr" "py_get_attr_or_item" "$.python.builtin.object" "$" "py_flush_output" "reticulate::py_run_string" "declare_symbols_worker" "as_sym" "system.time" 
"tryCatchList" "doTryCatch" "tryCatchOne" "tryCatchList" "tryCatch" "py_get_attr_impl" "py_get_attr" "py_get_attr_or_item" "$.python.builtin.object" "$" "py_flush_output" "reticulate::py_run_string" "declare_symbols_worker" "as_sym" "system.time" 
"tryCatchList" "doTryCatch" "tryCatchOne" "tryCatchList" "tryCatch" "py_ref_to_r" "py_to_r.default" "py_to_r" "py_maybe_convert" "py_get_attr_or_item" "$.python.builtin.object" "$.python.builtin.module" "$" "py_flush_output" "reticulate::py_run_string" "declare_symbols_worker" "as_sym" "system.time" 
"tryCatch" "py_get_attr_impl" "py_get_attr" "py_get_attr_or_item" "$.python.builtin.object" "$" "py_flush_output" "reticulate::py_run_string" "declare_symbols_worker" "as_sym" "system.time" 
"new.env" "evalq" "evalq" "doTryCatch" "tryCatchOne" "tryCatchList" "doTryCatch" "tryCatchOne" "tryCatchList" "tryCatch" "py_call_impl" "<Anonymous>" "py_flush_output" "reticulate::py_run_string" "declare_symbols_worker" "as_sym" "system.time" 
"tryCatchList" "doTryCatch" "tryCatchOne" "tryCatchList" "tryCatch" "py_get_attr_impl" "py_get_attr" "py_get_attr_or_item" "$.python.builtin.object" "$.python.builtin.module" "$" "py_flush_output" "reticulate::py_run_string" "declare_symbols_worker" "as_sym" "system.time" 
"doTryCatch" "tryCatchOne" "tryCatchList" "tryCatch" "py_get_attr_impl" "py_get_attr" "py_get_attr_or_item" "$.python.builtin.object" "$" "py_flush_output" "reticulate::py_run_string" "declare_symbols_worker" "as_sym" "system.time" 
"py_get_attr_impl" "py_get_attr" "py_get_attr_or_item" "$.python.builtin.object" "$.python.builtin.module" "$" "py_flush_output" "reticulate::py_run_string" "declare_symbols_worker" "as_sym" "system.time" 
"tryCatchList" "doTryCatch" "tryCatchOne" "tryCatchList" "tryCatch" "py_get_attr_impl" "py_get_attr" "py_get_attr_or_item" "$.python.builtin.object" "$.python.builtin.module" "$" "py_flush_output" "reticulate::py_run_string" "declare_symbols_worker" "as_sym" "system.time" 
"doTryCatch" "tryCatchOne" "tryCatchList" "tryCatch" "py_get_attr_impl" "py_get_attr" "py_get_attr_or_item" "$.python.builtin.object" "$" "py_flush_output" "reticulate::py_run_string" "declare_symbols_worker" "as_sym" "system.time" 
"tryCatchOne" "tryCatchList" "doTryCatch" "tryCatchOne" "tryCatchList" "tryCatch" "py_ref_to_r" "py_to_r.default" "py_to_r" "py_maybe_convert" "py_get_attr_or_item" "$.python.builtin.object" "$" "py_flush_output" "reticulate::py_run_string" "declare_symbols_worker" "as_sym" "system.time" 
"py_maybe_convert" "py_get_attr_or_item" "$.python.builtin.object" "$" "py_flush_output" "reticulate::py_run_string" "declare_symbols_worker" "as_sym" "system.time" 
"py_has_attr_impl" "py_has_attr" "py_get_attr_or_item" "$.python.builtin.object" "$.python.builtin.module" "$" "py_flush_output" "reticulate::py_run_string" "declare_symbols_worker" "as_sym" "system.time" 
"tryCatchList" "doTryCatch" "tryCatchOne" "tryCatchList" "tryCatch" "py_ref_to_r" "py_to_r.default" "py_to_r" "py_maybe_convert" "py_get_attr_or_item" "$.python.builtin.object" "$" "py_flush_output" "reticulate::py_run_string" "declare_symbols_worker" "as_sym" "system.time" 
"py_ref_to_r" "py_to_r.default" "py_to_r" "py_maybe_convert" "py_get_attr_or_item" "$.python.builtin.object" "$.python.builtin.module" "$" "py_flush_output" "reticulate::py_run_string" "declare_symbols_worker" "as_sym" "system.time" 
"py_to_r_wrapper" "py_to_r.default" "py_to_r" "py_maybe_convert" "py_get_attr_or_item" "$.python.builtin.object" "$" "py_flush_output" "reticulate::py_run_string" "declare_symbols_worker" "as_sym" "system.time" 
"parent.frame" "tryCatch" "py_ref_to_r" "py_to_r.default" "py_to_r" "py_maybe_convert" "py_get_attr_or_item" "$.python.builtin.object" "$.python.builtin.module" "$" "py_flush_output" "reticulate::py_run_string" "declare_symbols_worker" "as_sym" "system.time" 
"tryCatch" "py_ref_to_r" "py_to_r.default" "py_to_r" "py_maybe_convert" "py_get_attr_or_item" "$.python.builtin.object" "$.python.builtin.module" "$" "py_flush_output" "reticulate::py_run_string" "declare_symbols_worker" "as_sym" "system.time" 
"py_run_string_impl" "reticulate::py_run_string" "declare_symbols_worker" "as_sym" "system.time" 
"evalq" "doTryCatch" "tryCatchOne" "tryCatchList" "doTryCatch" "tryCatchOne" "tryCatchList" "tryCatch" "py_get_attr_impl" "py_get_attr" "py_get_attr_or_item" "$.python.builtin.object" "$" "py_flush_output" "reticulate::py_run_string" "declare_symbols_worker" "as_sym" "system.time" 
"ensure_python_initialized" "py_to_r" "py_maybe_convert" "py_get_attr_or_item" "$.python.builtin.object" "$.python.builtin.module" "$" "py_flush_output" "reticulate::py_run_string" "declare_symbols_worker" "as_sym" "system.time" 
"py_ref_to_r" "py_to_r.default" "py_to_r" "py_maybe_convert" "py_get_attr_or_item" "$.python.builtin.object" "$.python.builtin.module" "$" "py_flush_output" "reticulate::py_run_string" "declare_symbols_worker" "as_sym" "system.time" 
"py_ref_to_r" "py_to_r.default" "py_to_r" "py_maybe_convert" "py_get_attr_or_item" "$.python.builtin.object" "$.python.builtin.module" "$" "py_flush_output" "reticulate::py_run_string" "declare_symbols_worker" "as_sym" "system.time" 
"list" "doTryCatch" "tryCatchOne" "tryCatchList" "tryCatch" "py_get_attr_impl" "py_get_attr" "py_get_attr_or_item" "$.python.builtin.object" "$" "py_flush_output" "reticulate::py_run_string" "declare_symbols_worker" "as_sym" "system.time" 
"py_module_import" "import" "py_flush_output" "reticulate::py_run_string" "declare_symbols_worker" "as_sym" "system.time" 
"tryCatchList" "doTryCatch" "tryCatchOne" "tryCatchList" "tryCatch" "py_ref_to_r" "py_to_r.default" "py_to_r" "py_maybe_convert" "py_get_attr_or_item" "$.python.builtin.object" "$.python.builtin.module" "$" "py_flush_output" "reticulate::py_run_string" "declare_symbols_worker" "as_sym" "system.time" 
"character" "<Anonymous>" "mapply" "Map" "regmatches" "extract_vars" "as_sym" "system.time" 
"tryCatch" "py_get_attr_impl" "py_get_attr" "py_get_attr_or_item" "$.python.builtin.object" "$" "py_flush_output" "reticulate::py_run_string" "declare_symbols_worker" "as_sym" "system.time" 
"tryCatchList" "tryCatch" "py_ref_to_r" "py_to_r.default" "py_to_r" "py_maybe_convert" "py_get_attr_or_item" "$.python.builtin.object" "$.python.builtin.module" "$" "py_flush_output" "reticulate::py_run_string" "declare_symbols_worker" "as_sym" "system.time" 
"doTryCatch" "tryCatchOne" "tryCatchList" "tryCatch" "py_call_impl" "<Anonymous>" "py_flush_output" "reticulate::py_run_string" "declare_symbols_worker" "as_sym" "system.time" 
"py_ref_to_r" "py_to_r.default" "py_to_r" "py_maybe_convert" "py_get_attr_or_item" "$.python.builtin.object" "$" "py_flush_output" "reticulate::py_run_string" "declare_symbols_worker" "as_sym" "system.time" 
"py_get_attr_impl" "py_get_attr" "py_get_attr_or_item" "$.python.builtin.object" "$.python.builtin.module" "$" "py_flush_output" "reticulate::py_run_string" "declare_symbols_worker" "as_sym" "system.time" 
"paste0" "hlp_to_py_mat" "as_py_string" "as_sym" "system.time" 
"tryCatchList" "tryCatch" "py_get_attr_impl" "py_get_attr" "py_get_attr_or_item" "$.python.builtin.object" "$" "py_flush_output" "reticulate::py_run_string" "declare_symbols_worker" "as_sym" "system.time" 
"evalq" "doTryCatch" "tryCatchOne" "tryCatchList" "doTryCatch" "tryCatchOne" "tryCatchList" "tryCatch" "py_get_attr_impl" "py_get_attr" "py_get_attr_or_item" "$.python.builtin.object" "$" "py_flush_output" "reticulate::py_run_string" "declare_symbols_worker" "as_sym" "system.time" 
"py_has_convert" "py_maybe_convert" "py_get_attr_or_item" "$.python.builtin.object" "$.python.builtin.module" "$" "py_flush_output" "reticulate::py_run_string" "declare_symbols_worker" "as_sym" "system.time" 
"list" "doTryCatch" "tryCatchOne" "tryCatchList" "doTryCatch" "tryCatchOne" "tryCatchList" "tryCatch" "py_get_attr_impl" "py_get_attr" "py_get_attr_or_item" "$.python.builtin.object" "$.python.builtin.module" "$" "py_flush_output" "reticulate::py_run_string" "declare_symbols_worker" "as_sym" "system.time" 
"py_ref_to_r" "py_to_r.default" "py_to_r" "py_maybe_convert" "py_get_attr_or_item" "$.python.builtin.object" "$" "py_flush_output" "reticulate::py_run_string" "declare_symbols_worker" "as_sym" "system.time" 
"tryCatch" "py_ref_to_r" "py_to_r.default" "py_to_r" "py_maybe_convert" "py_get_attr_or_item" "$.python.builtin.object" "$" "py_flush_output" "reticulate::py_run_string" "declare_symbols_worker" "as_sym" "system.time" 
"getNamespace" "evalq" "evalq" "doTryCatch" "tryCatchOne" "tryCatchList" "doTryCatch" "tryCatchOne" "tryCatchList" "tryCatch" "py_ref_to_r" "py_to_r.default" "py_to_r" "py_maybe_convert" "py_get_attr_or_item" "$.python.builtin.object" "$" "py_flush_output" "reticulate::py_run_string" "declare_symbols_worker" "as_sym" "system.time" 
"py_eval_impl" "reticulate::py_eval" "eval_to_symbol" "as_sym" "system.time" 
"doTryCatch" "tryCatchOne" "tryCatchList" "tryCatch" "py_ref_to_r" "py_to_r.default" "py_to_r" "py_maybe_convert" "py_get_attr_or_item" "$.python.builtin.object" "$.python.builtin.module" "$" "py_flush_output" "reticulate::py_run_string" "declare_symbols_worker" "as_sym" "system.time" 
"doTryCatch" "tryCatchOne" "tryCatchList" "tryCatch" "py_get_attr_impl" "py_get_attr" "py_get_attr_or_item" "$.python.builtin.object" "$.python.builtin.module" "$" "py_flush_output" "reticulate::py_run_string" "declare_symbols_worker" "as_sym" "system.time" 
"py_ref_to_r" "py_to_r.default" "py_to_r" "py_maybe_convert" "py_get_attr_or_item" "$.python.builtin.object" "$.python.builtin.module" "$" "py_flush_output" "reticulate::py_run_string" "declare_symbols_worker" "as_sym" "system.time" 
"py_maybe_convert" "py_get_attr_or_item" "$.python.builtin.object" "$.python.builtin.module" "$" "py_flush_output" "reticulate::py_run_string" "declare_symbols_worker" "as_sym" "system.time" 
"doTryCatch" "tryCatchOne" "tryCatchList" "tryCatch" "py_ref_to_r" "py_to_r.default" "py_to_r" "py_maybe_convert" "py_get_attr_or_item" "$.python.builtin.object" "$" "py_flush_output" "reticulate::py_run_string" "declare_symbols_worker" "as_sym" "system.time" 
"py_eval_impl" "reticulate::py_eval" "eval_to_symbol" "as_sym" "system.time" 
"tryCatch" "py_get_attr_impl" "py_get_attr" "py_get_attr_or_item" "$.python.builtin.object" "$.python.builtin.module" "$" "py_flush_output" "reticulate::py_run_string" "declare_symbols_worker" "as_sym" "system.time" 
"py_eval_impl" "reticulate::py_eval" "eval_to_symbol" "as_sym" "system.time" 
"py_get_attr_impl" "py_get_attr" "py_get_attr_or_item" "$.python.builtin.object" "$.python.builtin.module" "$" "py_flush_output" "reticulate::py_run_string" "declare_symbols_worker" "as_sym" "system.time" 
"parent.frame" "tryCatch" "py_call_impl" "<Anonymous>" "py_flush_output" "reticulate::py_run_string" "declare_symbols_worker" "as_sym" "system.time" 
"doTryCatch" "tryCatchOne" "tryCatchList" "tryCatch" "py_ref_to_r" "py_to_r.default" "py_to_r" "py_maybe_convert" "py_get_attr_or_item" "$.python.builtin.object" "$" "py_flush_output" "reticulate::py_run_string" "declare_symbols_worker" "as_sym" "system.time" 
"tryCatch" "py_run_string_impl" "reticulate::py_run_string" "declare_symbols_worker" "as_sym" "system.time" 
"doTryCatch" "tryCatchOne" "tryCatchList" "doTryCatch" "tryCatchOne" "tryCatchList" "tryCatch" "py_get_attr_impl" "py_get_attr" "py_get_attr_or_item" "$.python.builtin.object" "$" "py_flush_output" "reticulate::py_run_string" "declare_symbols_worker" "as_sym" "system.time" 
"py_maybe_convert" "py_get_attr_or_item" "$.python.builtin.object" "$" "py_flush_output" "reticulate::py_run_string" "declare_symbols_worker" "as_sym" "system.time" 
"doTryCatch" "tryCatchOne" "tryCatchList" "doTryCatch" "tryCatchOne" "tryCatchList" "tryCatch" "py_ref_to_r" "py_to_r.default" "py_to_r" "py_maybe_convert" "py_get_attr_or_item" "$.python.builtin.object" "$.python.builtin.module" "$" "py_flush_output" "reticulate::py_run_string" "declare_symbols_worker" "as_sym" "system.time" 
"doTryCatch" "tryCatchOne" "tryCatchList" "tryCatch" "py_ref_to_r" "py_to_r.default" "py_to_r" "py_maybe_convert" "py_get_attr_or_item" "$.python.builtin.object" "$" "py_flush_output" "reticulate::py_run_string" "declare_symbols_worker" "as_sym" "system.time" 
"doTryCatch" "tryCatchOne" "tryCatchList" "tryCatch" "py_ref_to_r" "py_to_r.default" "py_to_r" "py_maybe_convert" "py_get_attr_or_item" "$.python.builtin.object" "$" "py_flush_output" "reticulate::py_run_string" "declare_symbols_worker" "as_sym" "system.time" 
"tryCatchList" "doTryCatch" "tryCatchOne" "tryCatchList" "tryCatch" "py_ref_to_r" "py_to_r.default" "py_to_r" "py_maybe_convert" "py_get_attr_or_item" "$.python.builtin.object" "$" "py_flush_output" "reticulate::py_run_string" "declare_symbols_worker" "as_sym" "system.time" 
"tryCatch" "py_ref_to_r" "py_to_r.default" "py_to_r" "py_maybe_convert" "py_get_attr_or_item" "$.python.builtin.object" "$" "py_flush_output" "reticulate::py_run_string" "declare_symbols_worker" "as_sym" "system.time" 
"doTryCatch" "tryCatchOne" "tryCatchList" "doTryCatch" "tryCatchOne" "tryCatchList" "tryCatch" "py_run_string_impl" "reticulate::py_run_string" "declare_symbols_worker" "as_sym" "system.time" 
"doTryCatch" "tryCatchOne" "tryCatchList" "tryCatch" "py_ref_to_r" "py_to_r.default" "py_to_r" "py_maybe_convert" "py_get_attr_or_item" "$.python.builtin.object" "$" "py_flush_output" "reticulate::py_run_string" "declare_symbols_worker" "as_sym" "system.time" 
"doTryCatch" "tryCatchOne" "tryCatchList" "doTryCatch" "tryCatchOne" "tryCatchList" "tryCatch" "py_eval_impl" "reticulate::py_eval" "eval_to_symbol" "as_sym" "system.time" 
"exists" "py_has_convert" "py_maybe_convert" "py_get_attr_or_item" "$.python.builtin.object" "$.python.builtin.module" "$" "py_flush_output" "reticulate::py_run_string" "declare_symbols_worker" "as_sym" "system.time" 
"names" "tryCatch" "py_get_attr_impl" "py_get_attr" "py_get_attr_or_item" "$.python.builtin.object" "$.python.builtin.module" "$" "py_flush_output" "reticulate::py_run_string" "declare_symbols_worker" "as_sym" "system.time" 
"py_ref_to_r" "py_to_r.default" "py_to_r" "py_maybe_convert" "py_get_attr_or_item" "$.python.builtin.object" "$.python.builtin.module" "$" "py_flush_output" "reticulate::py_run_string" "declare_symbols_worker" "as_sym" "system.time" 
"doTryCatch" "tryCatchOne" "tryCatchList" "doTryCatch" "tryCatchOne" "tryCatchList" "tryCatch" "py_ref_to_r" "py_to_r.default" "py_to_r" "py_maybe_convert" "py_get_attr_or_item" "$.python.builtin.object" "$.python.builtin.module" "$" "py_flush_output" "reticulate::py_run_string" "declare_symbols_worker" "as_sym" "system.time" 
"tryCatchOne" "tryCatchList" "tryCatch" "py_call_impl" "<Anonymous>" "py_flush_output" "reticulate::py_run_string" "declare_symbols_worker" "as_sym" "system.time" 
"tryCatchList" "tryCatch" "py_run_string_impl" "reticulate::py_run_string" "declare_symbols_worker" "as_sym" "system.time" 
"doTryCatch" "tryCatchOne" "tryCatchList" "doTryCatch" "tryCatchOne" "tryCatchList" "tryCatch" "py_get_attr_impl" "py_get_attr" "py_get_attr_or_item" "$.python.builtin.object" "$.python.builtin.module" "$" "py_flush_output" "reticulate::py_run_string" "declare_symbols_worker" "as_sym" "system.time" 
"py_to_r.default" "py_to_r" "py_maybe_convert" "py_get_attr_or_item" "$.python.builtin.object" "$" "py_flush_output" "reticulate::py_run_string" "declare_symbols_worker" "as_sym" "system.time" 
"doTryCatch" "tryCatchOne" "tryCatchList" "tryCatch" "py_ref_to_r" "py_to_r.default" "py_to_r" "py_maybe_convert" "py_get_attr_or_item" "$.python.builtin.object" "$" "py_flush_output" "reticulate::py_run_string" "declare_symbols_worker" "as_sym" "system.time" 
"tryCatchList" "tryCatch" "py_module_import" "import" "py_flush_output" "reticulate::py_run_string" "declare_symbols_worker" "as_sym" "system.time" 
"doTryCatch" "tryCatchOne" "tryCatchList" "tryCatch" "py_get_attr_impl" "py_get_attr" "py_get_attr_or_item" "$.python.builtin.object" "$" "py_flush_output" "reticulate::py_run_string" "declare_symbols_worker" "as_sym" "system.time" 
"py_get_attr" "py_get_attr_or_item" "$.python.builtin.object" "$" "py_flush_output" "reticulate::py_run_string" "declare_symbols_worker" "as_sym" "system.time" 
"doTryCatch" "tryCatchOne" "tryCatchList" "tryCatch" "py_ref_to_r" "py_to_r.default" "py_to_r" "py_maybe_convert" "py_get_attr_or_item" "$.python.builtin.object" "$" "py_flush_output" "reticulate::py_run_string" "declare_symbols_worker" "as_sym" "system.time" 
"tryCatch" "py_ref_to_r" "py_to_r.default" "py_to_r" "py_maybe_convert" "py_get_attr_or_item" "$.python.builtin.object" "$.python.builtin.module" "$" "py_flush_output" "reticulate::py_run_string" "declare_symbols_worker" "as_sym" "system.time" 
"py_get_attr_or_item" "$.python.builtin.object" "$.python.builtin.module" "$" "py_flush_output" "reticulate::py_run_string" "declare_symbols_worker" "as_sym" "system.time" 
"py_get_attr_impl" "py_get_attr" "py_get_attr_or_item" "$.python.builtin.object" "$" "py_flush_output" "reticulate::py_run_string" "declare_symbols_worker" "as_sym" "system.time" 
"py_is_module_proxy" "py_get_attr" "py_get_attr_or_item" "$.python.builtin.object" "$.python.builtin.module" "$" "py_flush_output" "reticulate::py_run_string" "declare_symbols_worker" "as_sym" "system.time" 
"py_to_r_wrapper" "py_to_r.default" "py_to_r" "py_maybe_convert" "py_get_attr_or_item" "$.python.builtin.object" "$" "py_flush_output" "reticulate::py_run_string" "declare_symbols_worker" "as_sym" "system.time" 
"tryCatchList" "doTryCatch" "tryCatchOne" "tryCatchList" "tryCatch" "py_get_attr_impl" "py_get_attr" "py_get_attr_or_item" "$.python.builtin.object" "$.python.builtin.module" "$" "py_flush_output" "reticulate::py_run_string" "declare_symbols_worker" "as_sym" "system.time" 
"py_maybe_convert" "py_get_attr_or_item" "$.python.builtin.object" "$" "py_flush_output" "reticulate::py_run_string" "declare_symbols_worker" "as_sym" "system.time" 
"py_ref_to_r" "py_to_r.default" "py_to_r" "py_maybe_convert" "py_get_attr_or_item" "$.python.builtin.object" "$.python.builtin.module" "$" "py_flush_output" "reticulate::py_run_string" "declare_symbols_worker" "as_sym" "system.time" 
"py_run_string_impl" "reticulate::py_run_string" "declare_symbols_worker" "as_sym" "system.time" 
"py_module_import" "import" "py_flush_output" "reticulate::py_run_string" "declare_symbols_worker" "as_sym" "system.time" 
"py_has_convert" "py_maybe_convert" "py_get_attr_or_item" "$.python.builtin.object" "$" "py_flush_output" "reticulate::py_run_string" "declare_symbols_worker" "as_sym" "system.time" 
"py_ref_to_r" "py_to_r.default" "py_to_r" "py_maybe_convert" "py_get_attr_or_item" "$.python.builtin.object" "$.python.builtin.module" "$" "py_flush_output" "reticulate::py_run_string" "declare_symbols_worker" "as_sym" "system.time" 
"max" "substring" "<Anonymous>" "mapply" "Map" "regmatches" "extract_vars" "as_sym" "system.time" 
"py_is_module" "py_get_attr_or_item" "$.python.builtin.object" "$.python.builtin.module" "$" "py_flush_output" "reticulate::py_run_string" "declare_symbols_worker" "as_sym" "system.time" 
"tryCatch" "py_get_attr_impl" "py_get_attr" "py_get_attr_or_item" "$.python.builtin.object" "$.python.builtin.module" "$" "py_flush_output" "reticulate::py_run_string" "declare_symbols_worker" "as_sym" "system.time" 
"doTryCatch" "tryCatchOne" "tryCatchList" "doTryCatch" "tryCatchOne" "tryCatchList" "tryCatch" "py_ref_to_r" "py_to_r.default" "py_to_r" "py_maybe_convert" "py_get_attr_or_item" "$.python.builtin.object" "$" "py_flush_output" "reticulate::py_run_string" "declare_symbols_worker" "as_sym" "system.time" 
"py_to_r_wrapper" "py_to_r.default" "py_to_r" "py_maybe_convert" "py_get_attr_or_item" "$.python.builtin.object" "$.python.builtin.module" "$" "py_flush_output" "reticulate::py_run_string" "declare_symbols_worker" "as_sym" "system.time" 
"as_sym" "system.time" 
"py_to_r_wrapper" "py_to_r.default" "py_to_r" "py_maybe_convert" "py_get_attr_or_item" "$.python.builtin.object" "$.python.builtin.module" "$" "py_flush_output" "reticulate::py_run_string" "declare_symbols_worker" "as_sym" "system.time" 
"py_call_impl" "<Anonymous>" "py_flush_output" "reticulate::py_run_string" "declare_symbols_worker" "as_sym" "system.time" 
"doTryCatch" "tryCatchOne" "tryCatchList" "tryCatch" "py_get_attr_impl" "py_get_attr" "py_get_attr_or_item" "$.python.builtin.object" "$.python.builtin.module" "$" "py_flush_output" "reticulate::py_run_string" "declare_symbols_worker" "as_sym" "system.time" 
"py_get_attr_impl" "py_get_attr" "py_get_attr_or_item" "$.python.builtin.object" "$.python.builtin.module" "$" "py_flush_output" "reticulate::py_run_string" "declare_symbols_worker" "as_sym" "system.time" 
"tryCatchList" "doTryCatch" "tryCatchOne" "tryCatchList" "tryCatch" "py_ref_to_r" "py_to_r.default" "py_to_r" "py_maybe_convert" "py_get_attr_or_item" "$.python.builtin.object" "$" "py_flush_output" "reticulate::py_run_string" "declare_symbols_worker" "as_sym" "system.time" 
"tryCatchList" "doTryCatch" "tryCatchOne" "tryCatchList" "tryCatch" "py_get_attr_impl" "py_get_attr" "py_get_attr_or_item" "$.python.builtin.object" "$.python.builtin.module" "$" "py_flush_output" "reticulate::py_run_string" "declare_symbols_worker" "as_sym" "system.time" 
"doTryCatch" "tryCatchOne" "tryCatchList" "tryCatch" "py_ref_to_r" "py_to_r.default" "py_to_r" "py_maybe_convert" "py_get_attr_or_item" "$.python.builtin.object" "$.python.builtin.module" "$" "py_flush_output" "reticulate::py_run_string" "declare_symbols_worker" "as_sym" "system.time" 
"tryCatch" "py_ref_to_r" "py_to_r.default" "py_to_r" "py_maybe_convert" "py_get_attr_or_item" "$.python.builtin.object" "$" "py_flush_output" "reticulate::py_run_string" "declare_symbols_worker" "as_sym" "system.time" 
"py_get_attr_impl" "py_get_attr" "py_get_attr_or_item" "$.python.builtin.object" "$" "py_flush_output" "reticulate::py_run_string" "declare_symbols_worker" "as_sym" "system.time" 
"py_ref_to_r" "py_to_r.default" "py_to_r" "py_maybe_convert" "py_get_attr_or_item" "$.python.builtin.object" "$" "py_flush_output" "reticulate::py_run_string" "declare_symbols_worker" "as_sym" "system.time" 
"list" "doTryCatch" "tryCatchOne" "tryCatchList" "doTryCatch" "tryCatchOne" "tryCatchList" "tryCatch" "py_get_attr_impl" "py_get_attr" "py_get_attr_or_item" "$.python.builtin.object" "$.python.builtin.module" "$" "py_flush_output" "reticulate::py_run_string" "declare_symbols_worker" "as_sym" "system.time" 
"length" "tryCatchList" "tryCatch" "py_get_attr_impl" "py_get_attr" "py_get_attr_or_item" "$.python.builtin.object" "$.python.builtin.module" "$" "py_flush_output" "reticulate::py_run_string" "declare_symbols_worker" "as_sym" "system.time" 
"py_has_convert" "py_maybe_convert" "py_get_attr_or_item" "$.python.builtin.object" "$.python.builtin.module" "$" "py_flush_output" "reticulate::py_run_string" "declare_symbols_worker" "as_sym" "system.time" 
"doTryCatch" "tryCatchOne" "tryCatchList" "doTryCatch" "tryCatchOne" "tryCatchList" "tryCatch" "py_module_import" "import" "py_flush_output" "reticulate::py_run_string" "declare_symbols_worker" "as_sym" "system.time" 
"py_get_attr_or_item" "$.python.builtin.object" "$" "py_flush_output" "reticulate::py_run_string" "declare_symbols_worker" "as_sym" "system.time" 
"py_to_r.default" "py_to_r" "py_maybe_convert" "py_get_attr_or_item" "$.python.builtin.object" "$.python.builtin.module" "$" "py_flush_output" "reticulate::py_run_string" "declare_symbols_worker" "as_sym" "system.time" 
"py_is_module_proxy" "py_get_attr" "py_get_attr_or_item" "$.python.builtin.object" "$" "py_flush_output" "reticulate::py_run_string" "declare_symbols_worker" "as_sym" "system.time" 
"environment" "doTryCatch" "tryCatchOne" "tryCatchList" "tryCatch" "py_ref_to_r" "py_to_r.default" "py_to_r" "py_maybe_convert" "py_get_attr_or_item" "$.python.builtin.object" "$" "py_flush_output" "reticulate::py_run_string" "declare_symbols_worker" "as_sym" "system.time" 
"py_ref_to_r" "py_to_r.default" "py_to_r" "py_maybe_convert" "py_get_attr_or_item" "$.python.builtin.object" "$.python.builtin.module" "$" "py_flush_output" "reticulate::py_run_string" "declare_symbols_worker" "as_sym" "system.time" 
"length" "tryCatchList" "tryCatch" "py_get_attr_impl" "py_get_attr" "py_get_attr_or_item" "$.python.builtin.object" "$" "py_flush_output" "reticulate::py_run_string" "declare_symbols_worker" "as_sym" "system.time" 
"tryCatchOne" "tryCatchList" "tryCatch" "py_call_impl" "<Anonymous>" "py_flush_output" "reticulate::py_run_string" "declare_symbols_worker" "as_sym" "system.time" 
"py_has_convert" "py_maybe_convert" "py_get_attr_or_item" "$.python.builtin.object" "$.python.builtin.module" "$" "py_flush_output" "reticulate::py_run_string" "declare_symbols_worker" "as_sym" "system.time" 
"py_has_attr_impl" "py_has_attr" "py_get_attr_or_item" "$.python.builtin.object" "$.python.builtin.module" "$" "py_flush_output" "reticulate::py_run_string" "declare_symbols_worker" "as_sym" "system.time" 
"is.list" "evalq" "doTryCatch" "tryCatchOne" "tryCatchList" "doTryCatch" "tryCatchOne" "tryCatchList" "tryCatch" "py_get_attr_impl" "py_get_attr" "py_get_attr_or_item" "$.python.builtin.object" "$" "py_flush_output" "reticulate::py_run_string" "declare_symbols_worker" "as_sym" "system.time" 
"py_to_r" "py_maybe_convert" "py_get_attr_or_item" "$.python.builtin.object" "$.python.builtin.module" "$" "py_flush_output" "reticulate::py_run_string" "declare_symbols_worker" "as_sym" "system.time" 
"py_is_module_proxy" "py_get_attr_or_item" "$.python.builtin.object" "$.python.builtin.module" "$" "py_flush_output" "reticulate::py_run_string" "declare_symbols_worker" "as_sym" "system.time" 
"evalq" "evalq" "doTryCatch" "tryCatchOne" "tryCatchList" "doTryCatch" "tryCatchOne" "tryCatchList" "tryCatch" "py_ref_to_r" "py_to_r.default" "py_to_r" "py_maybe_convert" "py_get_attr_or_item" "$.python.builtin.object" "$.python.builtin.module" "$" "py_flush_output" "reticulate::py_run_string" "declare_symbols_worker" "as_sym" "system.time" 
"py_has_convert" "py_maybe_convert" "py_get_attr_or_item" "$.python.builtin.object" "$" "py_flush_output" "reticulate::py_run_string" "declare_symbols_worker" "as_sym" "system.time" 
"doTryCatch" "tryCatchOne" "tryCatchList" "doTryCatch" "tryCatchOne" "tryCatchList" "tryCatch" "py_get_attr_impl" "py_get_attr" "py_get_attr_or_item" "$.python.builtin.object" "$.python.builtin.module" "$" "py_flush_output" "reticulate::py_run_string" "declare_symbols_worker" "as_sym" "system.time" 
"tryCatch" "py_ref_to_r" "py_to_r.default" "py_to_r" "py_maybe_convert" "py_get_attr_or_item" "$.python.builtin.object" "$.python.builtin.module" "$" "py_flush_output" "reticulate::py_run_string" "declare_symbols_worker" "as_sym" "system.time" 
"py_get_attr_impl" "py_get_attr" "py_get_attr_or_item" "$.python.builtin.object" "$.python.builtin.module" "$" "py_flush_output" "reticulate::py_run_string" "declare_symbols_worker" "as_sym" "system.time" 
"doTryCatch" "tryCatchOne" "tryCatchList" "doTryCatch" "tryCatchOne" "tryCatchList" "tryCatch" "py_get_attr_impl" "py_get_attr" "py_get_attr_or_item" "$.python.builtin.object" "$" "py_flush_output" "reticulate::py_run_string" "declare_symbols_worker" "as_sym" "system.time" 
"doTryCatch" "tryCatchOne" "tryCatchList" "doTryCatch" "tryCatchOne" "tryCatchList" "tryCatch" "py_ref_to_r" "py_to_r.default" "py_to_r" "py_maybe_convert" "py_get_attr_or_item" "$.python.builtin.object" "$" "py_flush_output" "reticulate::py_run_string" "declare_symbols_worker" "as_sym" "system.time" 
"py_get_attr_impl" "py_get_attr" "py_get_attr_or_item" "$.python.builtin.object" "$" "py_flush_output" "reticulate::py_run_string" "declare_symbols_worker" "as_sym" "system.time" 
"py_maybe_convert" "py_get_attr_or_item" "$.python.builtin.object" "$" "py_flush_output" "reticulate::py_run_string" "declare_symbols_worker" "as_sym" "system.time" 
